-------------------------------------------------------------------------------
Test set: com.consumerfinance.LoanManagementApplicationIntegrationTest
-------------------------------------------------------------------------------
Tests run: 7, Failures: 2, Errors: 0, Skipped: 0, Time elapsed: 9.470 s <<< FAILURE! -- in com.consumerfinance.LoanManagementApplicationIntegrationTest
com.consumerfinance.LoanManagementApplicationIntegrationTest.testProcessLoanRepayment -- Time elapsed: 0.182 s <<< FAILURE!
java.lang.AssertionError: Status expected:<200> but was:<500>
	at org.springframework.test.util.AssertionErrors.fail(AssertionErrors.java:59)
	at org.springframework.test.util.AssertionErrors.assertEquals(AssertionErrors.java:122)
	at org.springframework.test.web.servlet.result.StatusResultMatchers.lambda$matcher$9(StatusResultMatchers.java:637)
	at org.springframework.test.web.servlet.MockMvc$1.andExpect(MockMvc.java:214)
	at com.consumerfinance.LoanManagementApplicationIntegrationTest.testProcessLoanRepayment(LoanManagementApplicationIntegrationTest.java:138)
	at java.base/java.lang.reflect.Method.invoke(Method.java:568)
	at java.base/java.util.ArrayList.forEach(ArrayList.java:1511)
	at java.base/java.util.ArrayList.forEach(ArrayList.java:1511)

com.consumerfinance.LoanManagementApplicationIntegrationTest.testGetPendingRepayments -- Time elapsed: 0.187 s <<< FAILURE!
java.lang.AssertionError: Status expected:<200> but was:<500>
	at org.springframework.test.util.AssertionErrors.fail(AssertionErrors.java:59)
	at org.springframework.test.util.AssertionErrors.assertEquals(AssertionErrors.java:122)
	at org.springframework.test.web.servlet.result.StatusResultMatchers.lambda$matcher$9(StatusResultMatchers.java:637)
	at org.springframework.test.web.servlet.MockMvc$1.andExpect(MockMvc.java:214)
	at com.consumerfinance.LoanManagementApplicationIntegrationTest.testGetPendingRepayments(LoanManagementApplicationIntegrationTest.java:160)
	at java.base/java.lang.reflect.Method.invoke(Method.java:568)
	at java.base/java.util.ArrayList.forEach(ArrayList.java:1511)
	at java.base/java.util.ArrayList.forEach(ArrayList.java:1511)

