<?xml version="1.0" encoding="UTF-8"?>
<testsuite xmlns:xsi="http://www.w3.org/2001/XMLSchema-instance" xsi:noNamespaceSchemaLocation="https://maven.apache.org/surefire/maven-surefire-plugin/xsd/surefire-test-report-3.0.xsd" version="3.0" name="com.consumerfinance.LoanManagementApplicationIntegrationTest" time="9.47" tests="7" errors="0" skipped="0" failures="2">
  <properties>
[...]
</properties>
  <testcase name="testGetLoansByCustomerId" classname="com.consumerfinance.LoanManagementApplicationIntegrationTest" time="1.034">
    <system-out><![CDATA[2026-02-25 15:19:48.178 [main] INFO  o.s.t.c.s.AnnotationConfigContextLoaderUtils - Could not detect default configuration classes for test class [com.consumerfinance.LoanManagementApplicationIntegrationTest]: LoanManagementApplicationIntegrationTest does not declare any static, non-private, non-final, nested classes annotated with @Configuration.
2026-02-25 15:19:48.208 [main] INFO  o.s.b.t.c.SpringBootTestContextBootstrapper - Found @SpringBootConfiguration com.consumerfinance.LoanManagementApplication for test class com.consumerfinance.LoanManagementApplicationIntegrationTest

  .   ____          _            __ _ _
 /\\ / ___'_ __ _ _(_)_ __  __ _ \ \ \ \
( ( )\___ | '_ | '_| | '_ \/ _` | \ \ \ \
 \\/  ___)| |_)| | | | | || (_| |  ) ) ) )
  '  |____| .__|_| |_|_| |_\__, | / / / /
 =========|_|==============|___/=/_/_/_/
 :: Spring Boot ::                (v3.2.0)

2026-02-25 15:19:48.304 [main] INFO  c.c.LoanManagementApplicationIntegrationTest - Starting LoanManagementApplicationIntegrationTest using Java 17 with PID 5484 (started by manish.mourya_infobe in D:\POC\loan-management-system)
2026-02-25 15:19:48.304 [main] DEBUG c.c.LoanManagementApplicationIntegrationTest - Running with Spring Boot v3.2.0, Spring v6.1.1
2026-02-25 15:19:48.304 [main] INFO  c.c.LoanManagementApplicationIntegrationTest - The following 1 profile is active: "dev"
2026-02-25 15:19:48.308 [main] DEBUG o.s.w.c.s.GenericWebApplicationContext - Refreshing org.springframework.web.context.support.GenericWebApplicationContext@2086dfb8
2026-02-25 15:19:49.275 [main] INFO  o.s.d.r.c.RepositoryConfigurationDelegate - Bootstrapping Spring Data JPA repositories in DEFAULT mode.
2026-02-25 15:19:49.384 [main] INFO  o.s.d.r.c.RepositoryConfigurationDelegate - Finished Spring Data repository scanning in 83 ms. Found 2 JPA repository interfaces.
2026-02-25 15:19:50.043 [main] INFO  o.h.jpa.internal.util.LogHelper - HHH000204: Processing PersistenceUnitInfo [name: default]
2026-02-25 15:19:50.233 [main] INFO  org.hibernate.Version - HHH000412: Hibernate ORM core version 6.3.1.Final
2026-02-25 15:19:50.349 [main] INFO  o.h.c.i.RegionFactoryInitiator - HHH000026: Second-level cache disabled
2026-02-25 15:19:50.763 [main] INFO  o.s.o.j.p.SpringPersistenceUnitInfo - No LoadTimeWeaver setup: ignoring JPA class transformer
2026-02-25 15:19:50.853 [main] INFO  com.zaxxer.hikari.HikariDataSource - HikariPool-1 - Starting...
2026-02-25 15:19:51.678 [main] INFO  com.zaxxer.hikari.pool.HikariPool - HikariPool-1 - Added connection conn0: url=jdbc:h2:mem:testdb user=SA
2026-02-25 15:19:51.682 [main] INFO  com.zaxxer.hikari.HikariDataSource - HikariPool-1 - Start completed.
2026-02-25 15:19:51.789 [main] WARN  org.hibernate.orm.deprecation - HHH90000025: H2Dialect does not need to be specified explicitly using 'hibernate.dialect' (remove the property setting and it will be selected by default)
2026-02-25 15:19:53.559 [main] INFO  o.h.e.t.j.p.i.JtaPlatformInitiator - HHH000489: No JTA platform available (set 'hibernate.transaction.jta.platform' to enable JTA platform integration)
2026-02-25 15:19:53.580 [main] DEBUG org.hibernate.SQL - 
    drop table if exists loan_repayments cascade 
2026-02-25 15:19:53.589 [main] DEBUG org.hibernate.SQL - 
    drop table if exists personal_loans cascade 
2026-02-25 15:19:53.595 [main] DEBUG org.hibernate.SQL - 
    create table loan_repayments (
        installment_number integer not null,
        interest_amount numeric(15,2) not null,
        paid_amount numeric(15,2),
        principal_amount numeric(15,2) not null,
        total_amount numeric(15,2) not null,
        created_at timestamp(6) not null,
        due_date timestamp(6) not null,
        id bigint generated by default as identity,
        loan_id bigint not null,
        paid_date timestamp(6),
        status varchar(20) not null check (status in ('PENDING','PAID','PARTIALLY_PAID','OVERDUE','WAIVED')),
        payment_mode varchar(50),
        transaction_reference varchar(100),
        primary key (id),
        constraint uk_loan_installment unique (loan_id, installment_number)
    )
2026-02-25 15:19:53.622 [main] DEBUG org.hibernate.SQL - 
    create table personal_loans (
        annual_interest_rate numeric(5,2) not null,
        loan_tenure_months integer not null,
        monthlyemi numeric(15,2) not null,
        outstanding_balance numeric(15,2) not null,
        principal_amount numeric(15,2) not null,
        remaining_tenure integer not null,
        total_interest_payable numeric(15,2) not null,
        approved_at timestamp(6),
        closed_at timestamp(6),
        created_at timestamp(6) not null,
        id bigint generated by default as identity,
        rejected_at timestamp(6),
        status varchar(20) not null check (status in ('PENDING','APPROVED','ACTIVE','CLOSED','REJECTED','DEFAULTED')),
        customer_id varchar(50) not null,
        approval_remarks varchar(500),
        rejection_reason varchar(500),
        primary key (id)
    )
2026-02-25 15:19:53.622 [main] DEBUG org.hibernate.SQL - 
    create index idx_loan_id 
       on loan_repayments (loan_id)
2026-02-25 15:19:53.622 [main] DEBUG org.hibernate.SQL - 
    create index idx_status 
       on loan_repayments (status)
2026-02-25 15:19:53.622 [main] DEBUG org.hibernate.SQL - 
    create index idx_due_date 
       on loan_repayments (due_date)
2026-02-25 15:19:53.622 [main] DEBUG org.hibernate.SQL - 
    create index idx_paid_date 
       on loan_repayments (paid_date)
2026-02-25 15:19:53.622 [main] DEBUG org.hibernate.SQL - 
    create index idx_customer_id 
       on personal_loans (customer_id)
2026-02-25 15:19:53.622 [main] DEBUG org.hibernate.SQL - 
    create index idx_status 
       on personal_loans (status)
2026-02-25 15:19:53.633 [main] WARN  o.h.t.s.i.ExceptionHandlerLoggedImpl - GenerationTarget encountered exception accepting command : Error executing DDL "
    create index idx_status 
       on personal_loans (status)" via JDBC [Index "IDX_STATUS" already exists;]
org.hibernate.tool.schema.spi.CommandAcceptanceException: Error executing DDL "
    create index idx_status 
       on personal_loans (status)" via JDBC [Index "IDX_STATUS" already exists;]
	at org.hibernate.tool.schema.internal.exec.GenerationTargetToDatabase.accept(GenerationTargetToDatabase.java:94)
	at org.hibernate.tool.schema.internal.Helper.applySqlString(Helper.java:233)
	at org.hibernate.tool.schema.internal.Helper.applySqlStrings(Helper.java:217)
	at org.hibernate.tool.schema.internal.SchemaCreatorImpl.createTableConstraints(SchemaCreatorImpl.java:383)
	at org.hibernate.tool.schema.internal.SchemaCreatorImpl.createSequencesTablesConstraints(SchemaCreatorImpl.java:351)
	at org.hibernate.tool.schema.internal.SchemaCreatorImpl.createFromMetadata(SchemaCreatorImpl.java:239)
	at org.hibernate.tool.schema.internal.SchemaCreatorImpl.performCreation(SchemaCreatorImpl.java:172)
	at org.hibernate.tool.schema.internal.SchemaCreatorImpl.doCreation(SchemaCreatorImpl.java:142)
	at org.hibernate.tool.schema.internal.SchemaCreatorImpl.doCreation(SchemaCreatorImpl.java:118)
	at org.hibernate.tool.schema.spi.SchemaManagementToolCoordinator.performDatabaseAction(SchemaManagementToolCoordinator.java:256)
	at org.hibernate.tool.schema.spi.SchemaManagementToolCoordinator.lambda$process$5(SchemaManagementToolCoordinator.java:145)
	at java.base/java.util.HashMap.forEach(HashMap.java:1420)
	at org.hibernate.tool.schema.spi.SchemaManagementToolCoordinator.process(SchemaManagementToolCoordinator.java:142)
	at org.hibernate.boot.internal.SessionFactoryObserverForSchemaExport.sessionFactoryCreated(SessionFactoryObserverForSchemaExport.java:37)
	at org.hibernate.internal.SessionFactoryObserverChain.sessionFactoryCreated(SessionFactoryObserverChain.java:35)
	at org.hibernate.internal.SessionFactoryImpl.<init>(SessionFactoryImpl.java:295)
	at org.hibernate.boot.internal.SessionFactoryBuilderImpl.build(SessionFactoryBuilderImpl.java:450)
	at org.hibernate.jpa.boot.internal.EntityManagerFactoryBuilderImpl.build(EntityManagerFactoryBuilderImpl.java:1507)
	at org.springframework.orm.jpa.vendor.SpringHibernateJpaPersistenceProvider.createContainerEntityManagerFactory(SpringHibernateJpaPersistenceProvider.java:75)
	at org.springframework.orm.jpa.LocalContainerEntityManagerFactoryBean.createNativeEntityManagerFactory(LocalContainerEntityManagerFactoryBean.java:376)
	at org.springframework.orm.jpa.AbstractEntityManagerFactoryBean.buildNativeEntityManagerFactory(AbstractEntityManagerFactoryBean.java:409)
	at org.springframework.orm.jpa.AbstractEntityManagerFactoryBean.afterPropertiesSet(AbstractEntityManagerFactoryBean.java:396)
	at org.springframework.orm.jpa.LocalContainerEntityManagerFactoryBean.afterPropertiesSet(LocalContainerEntityManagerFactoryBean.java:352)
	at org.springframework.beans.factory.support.AbstractAutowireCapableBeanFactory.invokeInitMethods(AbstractAutowireCapableBeanFactory.java:1822)
	at org.springframework.beans.factory.support.AbstractAutowireCapableBeanFactory.initializeBean(AbstractAutowireCapableBeanFactory.java:1771)
	at org.springframework.beans.factory.support.AbstractAutowireCapableBeanFactory.doCreateBean(AbstractAutowireCapableBeanFactory.java:601)
	at org.springframework.beans.factory.support.AbstractAutowireCapableBeanFactory.createBean(AbstractAutowireCapableBeanFactory.java:523)
	at org.springframework.beans.factory.support.AbstractBeanFactory.lambda$doGetBean$0(AbstractBeanFactory.java:325)
	at org.springframework.beans.factory.support.DefaultSingletonBeanRegistry.getSingleton(DefaultSingletonBeanRegistry.java:234)
	at org.springframework.beans.factory.support.AbstractBeanFactory.doGetBean(AbstractBeanFactory.java:323)
	at org.springframework.beans.factory.support.AbstractBeanFactory.getBean(AbstractBeanFactory.java:199)
	at org.springframework.context.support.AbstractApplicationContext.getBean(AbstractApplicationContext.java:1173)
	at org.springframework.context.support.AbstractApplicationContext.finishBeanFactoryInitialization(AbstractApplicationContext.java:936)
	at org.springframework.context.support.AbstractApplicationContext.refresh(AbstractApplicationContext.java:616)
	at org.springframework.boot.SpringApplication.refresh(SpringApplication.java:753)
	at org.springframework.boot.SpringApplication.refreshContext(SpringApplication.java:455)
	at org.springframework.boot.SpringApplication.run(SpringApplication.java:323)
	at org.springframework.boot.test.context.SpringBootContextLoader.lambda$loadContext$3(SpringBootContextLoader.java:137)
	at org.springframework.util.function.ThrowingSupplier.get(ThrowingSupplier.java:58)
	at org.springframework.util.function.ThrowingSupplier.get(ThrowingSupplier.java:46)
	at org.springframework.boot.SpringApplication.withHook(SpringApplication.java:1442)
	at org.springframework.boot.test.context.SpringBootContextLoader$ContextLoaderHook.run(SpringBootContextLoader.java:552)
	at org.springframework.boot.test.context.SpringBootContextLoader.loadContext(SpringBootContextLoader.java:137)
	at org.springframework.boot.test.context.SpringBootContextLoader.loadContext(SpringBootContextLoader.java:108)
	at org.springframework.test.context.cache.DefaultCacheAwareContextLoaderDelegate.loadContextInternal(DefaultCacheAwareContextLoaderDelegate.java:225)
	at org.springframework.test.context.cache.DefaultCacheAwareContextLoaderDelegate.loadContext(DefaultCacheAwareContextLoaderDelegate.java:152)
	at org.springframework.test.context.support.DefaultTestContext.getApplicationContext(DefaultTestContext.java:130)
	at org.springframework.test.context.web.ServletTestExecutionListener.setUpRequestContextIfNecessary(ServletTestExecutionListener.java:191)
	at org.springframework.test.context.web.ServletTestExecutionListener.prepareTestInstance(ServletTestExecutionListener.java:130)
	at org.springframework.test.context.TestContextManager.prepareTestInstance(TestContextManager.java:247)
	at org.springframework.test.context.junit.jupiter.SpringExtension.postProcessTestInstance(SpringExtension.java:163)
	at org.junit.jupiter.engine.descriptor.ClassBasedTestDescriptor.lambda$invokeTestInstancePostProcessors$10(ClassBasedTestDescriptor.java:378)
	at org.junit.jupiter.engine.descriptor.ClassBasedTestDescriptor.executeAndMaskThrowable(ClassBasedTestDescriptor.java:383)
	at org.junit.jupiter.engine.descriptor.ClassBasedTestDescriptor.lambda$invokeTestInstancePostProcessors$11(ClassBasedTestDescriptor.java:378)
	at java.base/java.util.stream.ReferencePipeline$3$1.accept(ReferencePipeline.java:197)
	at java.base/java.util.stream.ReferencePipeline$2$1.accept(ReferencePipeline.java:179)
	at java.base/java.util.ArrayList$ArrayListSpliterator.forEachRemaining(ArrayList.java:1625)
	at java.base/java.util.stream.AbstractPipeline.copyInto(AbstractPipeline.java:509)
	at java.base/java.util.stream.AbstractPipeline.wrapAndCopyInto(AbstractPipeline.java:499)
	at java.base/java.util.stream.StreamSpliterators$WrappingSpliterator.forEachRemaining(StreamSpliterators.java:310)
	at java.base/java.util.stream.Streams$ConcatSpliterator.forEachRemaining(Streams.java:735)
	at java.base/java.util.stream.Streams$ConcatSpliterator.forEachRemaining(Streams.java:734)
	at java.base/java.util.stream.ReferencePipeline$Head.forEach(ReferencePipeline.java:762)
	at org.junit.jupiter.engine.descriptor.ClassBasedTestDescriptor.invokeTestInstancePostProcessors(ClassBasedTestDescriptor.java:377)
	at org.junit.jupiter.engine.descriptor.ClassBasedTestDescriptor.lambda$instantiateAndPostProcessTestInstance$6(ClassBasedTestDescriptor.java:290)
	at org.junit.platform.engine.support.hierarchical.ThrowableCollector.execute(ThrowableCollector.java:73)
	at org.junit.jupiter.engine.descriptor.ClassBasedTestDescriptor.instantiateAndPostProcessTestInstance(ClassBasedTestDescriptor.java:289)
	at org.junit.jupiter.engine.descriptor.ClassBasedTestDescriptor.lambda$testInstancesProvider$4(ClassBasedTestDescriptor.java:279)
	at java.base/java.util.Optional.orElseGet(Optional.java:364)
	at org.junit.jupiter.engine.descriptor.ClassBasedTestDescriptor.lambda$testInstancesProvider$5(ClassBasedTestDescriptor.java:278)
	at org.junit.jupiter.engine.execution.TestInstancesProvider.getTestInstances(TestInstancesProvider.java:31)
	at org.junit.jupiter.engine.descriptor.TestMethodTestDescriptor.lambda$prepare$0(TestMethodTestDescriptor.java:106)
	at org.junit.platform.engine.support.hierarchical.ThrowableCollector.execute(ThrowableCollector.java:73)
	at org.junit.jupiter.engine.descriptor.TestMethodTestDescriptor.prepare(TestMethodTestDescriptor.java:105)
	at org.junit.jupiter.engine.descriptor.TestMethodTestDescriptor.prepare(TestMethodTestDescriptor.java:69)
	at org.junit.platform.engine.support.hierarchical.NodeTestTask.lambda$prepare$2(NodeTestTask.java:123)
	at org.junit.platform.engine.support.hierarchical.ThrowableCollector.execute(ThrowableCollector.java:73)
	at org.junit.platform.engine.support.hierarchical.NodeTestTask.prepare(NodeTestTask.java:123)
	at org.junit.platform.engine.support.hierarchical.NodeTestTask.execute(NodeTestTask.java:90)
	at java.base/java.util.ArrayList.forEach(ArrayList.java:1511)
	at org.junit.platform.engine.support.hierarchical.SameThreadHierarchicalTestExecutorService.invokeAll(SameThreadHierarchicalTestExecutorService.java:41)
	at org.junit.platform.engine.support.hierarchical.NodeTestTask.lambda$executeRecursively$6(NodeTestTask.java:155)
	at org.junit.platform.engine.support.hierarchical.ThrowableCollector.execute(ThrowableCollector.java:73)
	at org.junit.platform.engine.support.hierarchical.NodeTestTask.lambda$executeRecursively$8(NodeTestTask.java:141)
	at org.junit.platform.engine.support.hierarchical.Node.around(Node.java:137)
	at org.junit.platform.engine.support.hierarchical.NodeTestTask.lambda$executeRecursively$9(NodeTestTask.java:139)
	at org.junit.platform.engine.support.hierarchical.ThrowableCollector.execute(ThrowableCollector.java:73)
	at org.junit.platform.engine.support.hierarchical.NodeTestTask.executeRecursively(NodeTestTask.java:138)
	at org.junit.platform.engine.support.hierarchical.NodeTestTask.execute(NodeTestTask.java:95)
	at java.base/java.util.ArrayList.forEach(ArrayList.java:1511)
	at org.junit.platform.engine.support.hierarchical.SameThreadHierarchicalTestExecutorService.invokeAll(SameThreadHierarchicalTestExecutorService.java:41)
	at org.junit.platform.engine.support.hierarchical.NodeTestTask.lambda$executeRecursively$6(NodeTestTask.java:155)
	at org.junit.platform.engine.support.hierarchical.ThrowableCollector.execute(ThrowableCollector.java:73)
	at org.junit.platform.engine.support.hierarchical.NodeTestTask.lambda$executeRecursively$8(NodeTestTask.java:141)
	at org.junit.platform.engine.support.hierarchical.Node.around(Node.java:137)
	at org.junit.platform.engine.support.hierarchical.NodeTestTask.lambda$executeRecursively$9(NodeTestTask.java:139)
	at org.junit.platform.engine.support.hierarchical.ThrowableCollector.execute(ThrowableCollector.java:73)
	at org.junit.platform.engine.support.hierarchical.NodeTestTask.executeRecursively(NodeTestTask.java:138)
	at org.junit.platform.engine.support.hierarchical.NodeTestTask.execute(NodeTestTask.java:95)
	at org.junit.platform.engine.support.hierarchical.SameThreadHierarchicalTestExecutorService.submit(SameThreadHierarchicalTestExecutorService.java:35)
	at org.junit.platform.engine.support.hierarchical.HierarchicalTestExecutor.execute(HierarchicalTestExecutor.java:57)
	at org.junit.platform.engine.support.hierarchical.HierarchicalTestEngine.execute(HierarchicalTestEngine.java:54)
	at org.junit.platform.launcher.core.EngineExecutionOrchestrator.execute(EngineExecutionOrchestrator.java:198)
	at org.junit.platform.launcher.core.EngineExecutionOrchestrator.execute(EngineExecutionOrchestrator.java:169)
	at org.junit.platform.launcher.core.EngineExecutionOrchestrator.execute(EngineExecutionOrchestrator.java:93)
	at org.junit.platform.launcher.core.EngineExecutionOrchestrator.lambda$execute$0(EngineExecutionOrchestrator.java:58)
	at org.junit.platform.launcher.core.EngineExecutionOrchestrator.withInterceptedStreams(EngineExecutionOrchestrator.java:141)
	at org.junit.platform.launcher.core.EngineExecutionOrchestrator.execute(EngineExecutionOrchestrator.java:57)
	at org.junit.platform.launcher.core.DefaultLauncher.execute(DefaultLauncher.java:103)
	at org.junit.platform.launcher.core.DefaultLauncher.execute(DefaultLauncher.java:85)
	at org.junit.platform.launcher.core.DelegatingLauncher.execute(DelegatingLauncher.java:47)
	at org.apache.maven.surefire.junitplatform.LazyLauncher.execute(LazyLauncher.java:56)
	at org.apache.maven.surefire.junitplatform.JUnitPlatformProvider.execute(JUnitPlatformProvider.java:184)
	at org.apache.maven.surefire.junitplatform.JUnitPlatformProvider.invokeAllTests(JUnitPlatformProvider.java:148)
	at org.apache.maven.surefire.junitplatform.JUnitPlatformProvider.invoke(JUnitPlatformProvider.java:122)
	at org.apache.maven.surefire.booter.ForkedBooter.runSuitesInProcess(ForkedBooter.java:385)
	at org.apache.maven.surefire.booter.ForkedBooter.execute(ForkedBooter.java:162)
	at org.apache.maven.surefire.booter.ForkedBooter.run(ForkedBooter.java:507)
	at org.apache.maven.surefire.booter.ForkedBooter.main(ForkedBooter.java:495)
Caused by: org.h2.jdbc.JdbcSQLSyntaxErrorException: Index "IDX_STATUS" already exists; SQL statement:

    create index idx_status 
       on personal_loans (s [42111-224]
	at org.h2.message.DbException.getJdbcSQLException(DbException.java:514)
	at org.h2.message.DbException.getJdbcSQLException(DbException.java:489)
	at org.h2.message.DbException.get(DbException.java:223)
	at org.h2.message.DbException.get(DbException.java:199)
	at org.h2.command.ddl.CreateIndex.update(CreateIndex.java:76)
	at org.h2.command.CommandContainer.update(CommandContainer.java:169)
	at org.h2.command.Command.executeUpdate(Command.java:256)
	at org.h2.jdbc.JdbcStatement.executeInternal(JdbcStatement.java:262)
	at org.h2.jdbc.JdbcStatement.execute(JdbcStatement.java:231)
	at com.zaxxer.hikari.pool.ProxyStatement.execute(ProxyStatement.java:94)
	at com.zaxxer.hikari.pool.HikariProxyStatement.execute(HikariProxyStatement.java)
	at org.hibernate.tool.schema.internal.exec.GenerationTargetToDatabase.accept(GenerationTargetToDatabase.java:80)
	... 118 common frames omitted
2026-02-25 15:19:53.638 [main] DEBUG org.hibernate.SQL - 
    create index idx_created_at 
       on personal_loans (created_at)
2026-02-25 15:19:53.640 [main] DEBUG org.hibernate.SQL - 
    alter table if exists loan_repayments 
       add constraint FKp6uo83in2k9l8leomgxmb82l2 
       foreign key (loan_id) 
       references personal_loans
2026-02-25 15:19:53.668 [main] INFO  o.s.o.j.LocalContainerEntityManagerFactoryBean - Initialized JPA EntityManagerFactory for persistence unit 'default'
2026-02-25 15:19:54.254 [main] INFO  o.s.d.j.r.query.QueryEnhancerFactory - Hibernate is in classpath; If applicable, HQL parser will be used.
2026-02-25 15:19:55.207 [main] DEBUG o.s.w.s.m.m.a.RequestMappingHandlerMapping - 18 mappings in 'requestMappingHandlerMapping'
2026-02-25 15:19:55.287 [main] DEBUG o.s.w.s.h.SimpleUrlHandlerMapping - Patterns [/webjars/**, /**, /swagger-ui*/*swagger-initializer.js, /swagger-ui*/**] in 'resourceHandlerMapping'
2026-02-25 15:19:55.290 [main] INFO  o.s.s.web.DefaultSecurityFilterChain - Will secure any request with [org.springframework.security.web.session.DisableEncodeUrlFilter@3b574164, org.springframework.security.web.context.request.async.WebAsyncManagerIntegrationFilter@201cb411, org.springframework.security.web.context.SecurityContextHolderFilter@7c5ceea3, org.springframework.security.web.header.HeaderWriterFilter@255ea45a, org.springframework.web.filter.CorsFilter@2a04d13d, org.springframework.security.web.authentication.logout.LogoutFilter@22e32b93, org.springframework.security.web.savedrequest.RequestCacheAwareFilter@19f8dc96, org.springframework.security.web.servletapi.SecurityContextHolderAwareRequestFilter@69fdf6ed, org.springframework.security.web.authentication.AnonymousAuthenticationFilter@57c5c2d0, org.springframework.security.web.access.ExceptionTranslationFilter@78111c98, org.springframework.security.web.access.intercept.AuthorizationFilter@39288297]
2026-02-25 15:19:55.490 [main] DEBUG o.s.w.s.m.m.a.RequestMappingHandlerAdapter - ControllerAdvice beans: 0 @ModelAttribute, 0 @InitBinder, 1 RequestBodyAdvice, 1 ResponseBodyAdvice
2026-02-25 15:19:55.495 [main] DEBUG o.s.w.s.m.m.a.ExceptionHandlerExceptionResolver - ControllerAdvice beans: 2 @ExceptionHandler, 1 ResponseBodyAdvice
2026-02-25 15:19:55.742 [main] INFO  o.s.b.a.h.H2ConsoleAutoConfiguration - H2 console available at '/h2-console'. Database available at 'jdbc:h2:mem:testdb'
2026-02-25 15:19:55.791 [main] INFO  o.s.b.t.m.w.SpringBootMockServletContext - Initializing Spring TestDispatcherServlet ''
2026-02-25 15:19:55.791 [main] INFO  o.s.t.w.s.TestDispatcherServlet - Initializing Servlet ''
2026-02-25 15:19:55.792 [main] INFO  o.s.t.w.s.TestDispatcherServlet - Completed initialization in 1 ms
2026-02-25 15:19:55.819 [main] INFO  c.c.LoanManagementApplicationIntegrationTest - Started LoanManagementApplicationIntegrationTest in 7.595 seconds (process running for 18.547)
2026-02-25 15:19:55.870 [main] WARN  o.s.w.s.h.HandlerMappingIntrospector - Cache miss for REQUEST dispatch to '/api/v1/loans' (previous null). Performing CorsConfiguration lookup. This is logged once only at WARN level, and every time at TRACE.
2026-02-25 15:19:55.884 [main] DEBUG o.s.w.s.m.m.a.RequestMappingHandlerMapping - Mapped to com.consumerfinance.controller.PersonalLoanController#createLoan(CreateLoanRequest)
2026-02-25 15:19:55.972 [main] DEBUG o.s.w.s.m.m.a.RequestResponseBodyMethodProcessor - Read "application/json;charset=UTF-8" to [CreateLoanRequest(customerId=CUST123456, principalAmount=500000, annualInterestRate=10.5, loanTenure (truncated)...]
2026-02-25 15:19:56.102 [main] INFO  c.c.c.PersonalLoanController - REST: POST /api/v1/loans - Creating loan for customer: CUST123456
2026-02-25 15:19:56.118 [main] INFO  c.c.service.PersonalLoanService - Creating new personal loan for customer: CUST123456, amount: 500000
2026-02-25 15:19:56.118 [main] INFO  c.c.service.EMICalculationService - Calculating EMI for Principal: 500000, Rate: 10.5, Tenure: 60 months
2026-02-25 15:19:56.118 [main] INFO  c.c.service.EMICalculationService - EMI Calculation Result - Monthly EMI: 10746.95, Total Interest: 144817.00
2026-02-25 15:19:56.185 [main] DEBUG org.hibernate.SQL - 
    /* insert for
        com.consumerfinance.domain.PersonalLoan */insert 
    into
        personal_loans (annual_interest_rate, approval_remarks, approved_at, closed_at, created_at, customer_id, loan_tenure_months, monthlyemi, outstanding_balance, principal_amount, rejected_at, rejection_reason, remaining_tenure, status, total_interest_payable, id) 
    values
        (?, ?, ?, ?, ?, ?, ?, ?, ?, ?, ?, ?, ?, ?, ?, default)
2026-02-25 15:19:56.252 [main] INFO  c.c.service.PersonalLoanService - Personal loan created with ID: 1
2026-02-25 15:19:56.252 [main] INFO  c.c.service.PersonalLoanService - Generating repayment schedule for loan ID: 1
2026-02-25 15:19:56.268 [main] DEBUG org.hibernate.SQL - 
    /* insert for
        com.consumerfinance.domain.LoanRepayment */insert 
    into
        loan_repayments (created_at, due_date, installment_number, interest_amount, loan_id, paid_amount, paid_date, payment_mode, principal_amount, status, total_amount, transaction_reference, id) 
    values
        (?, ?, ?, ?, ?, ?, ?, ?, ?, ?, ?, ?, default)
2026-02-25 15:19:56.274 [main] DEBUG org.hibernate.SQL - 
    /* insert for
        com.consumerfinance.domain.LoanRepayment */insert 
    into
        loan_repayments (created_at, due_date, installment_number, interest_amount, loan_id, paid_amount, paid_date, payment_mode, principal_amount, status, total_amount, transaction_reference, id) 
    values
        (?, ?, ?, ?, ?, ?, ?, ?, ?, ?, ?, ?, default)
2026-02-25 15:19:56.274 [main] DEBUG org.hibernate.SQL - 
    /* insert for
        com.consumerfinance.domain.LoanRepayment */insert 
    into
        loan_repayments (created_at, due_date, installment_number, interest_amount, loan_id, paid_amount, paid_date, payment_mode, principal_amount, status, total_amount, transaction_reference, id) 
    values
        (?, ?, ?, ?, ?, ?, ?, ?, ?, ?, ?, ?, default)
2026-02-25 15:19:56.282 [main] DEBUG org.hibernate.SQL - 
    /* insert for
        com.consumerfinance.domain.LoanRepayment */insert 
    into
        loan_repayments (created_at, due_date, installment_number, interest_amount, loan_id, paid_amount, paid_date, payment_mode, principal_amount, status, total_amount, transaction_reference, id) 
    values
        (?, ?, ?, ?, ?, ?, ?, ?, ?, ?, ?, ?, default)
2026-02-25 15:19:56.286 [main] DEBUG org.hibernate.SQL - 
    /* insert for
        com.consumerfinance.domain.LoanRepayment */insert 
    into
        loan_repayments (created_at, due_date, installment_number, interest_amount, loan_id, paid_amount, paid_date, payment_mode, principal_amount, status, total_amount, transaction_reference, id) 
    values
        (?, ?, ?, ?, ?, ?, ?, ?, ?, ?, ?, ?, default)
2026-02-25 15:19:56.288 [main] DEBUG org.hibernate.SQL - 
    /* insert for
        com.consumerfinance.domain.LoanRepayment */insert 
    into
        loan_repayments (created_at, due_date, installment_number, interest_amount, loan_id, paid_amount, paid_date, payment_mode, principal_amount, status, total_amount, transaction_reference, id) 
    values
        (?, ?, ?, ?, ?, ?, ?, ?, ?, ?, ?, ?, default)
2026-02-25 15:19:56.290 [main] DEBUG org.hibernate.SQL - 
    /* insert for
        com.consumerfinance.domain.LoanRepayment */insert 
    into
        loan_repayments (created_at, due_date, installment_number, interest_amount, loan_id, paid_amount, paid_date, payment_mode, principal_amount, status, total_amount, transaction_reference, id) 
    values
        (?, ?, ?, ?, ?, ?, ?, ?, ?, ?, ?, ?, default)
2026-02-25 15:19:56.291 [main] DEBUG org.hibernate.SQL - 
    /* insert for
        com.consumerfinance.domain.LoanRepayment */insert 
    into
        loan_repayments (created_at, due_date, installment_number, interest_amount, loan_id, paid_amount, paid_date, payment_mode, principal_amount, status, total_amount, transaction_reference, id) 
    values
        (?, ?, ?, ?, ?, ?, ?, ?, ?, ?, ?, ?, default)
2026-02-25 15:19:56.293 [main] DEBUG org.hibernate.SQL - 
    /* insert for
        com.consumerfinance.domain.LoanRepayment */insert 
    into
        loan_repayments (created_at, due_date, installment_number, interest_amount, loan_id, paid_amount, paid_date, payment_mode, principal_amount, status, total_amount, transaction_reference, id) 
    values
        (?, ?, ?, ?, ?, ?, ?, ?, ?, ?, ?, ?, default)
2026-02-25 15:19:56.295 [main] DEBUG org.hibernate.SQL - 
    /* insert for
        com.consumerfinance.domain.LoanRepayment */insert 
    into
        loan_repayments (created_at, due_date, installment_number, interest_amount, loan_id, paid_amount, paid_date, payment_mode, principal_amount, status, total_amount, transaction_reference, id) 
    values
        (?, ?, ?, ?, ?, ?, ?, ?, ?, ?, ?, ?, default)
2026-02-25 15:19:56.298 [main] DEBUG org.hibernate.SQL - 
    /* insert for
        com.consumerfinance.domain.LoanRepayment */insert 
    into
        loan_repayments (created_at, due_date, installment_number, interest_amount, loan_id, paid_amount, paid_date, payment_mode, principal_amount, status, total_amount, transaction_reference, id) 
    values
        (?, ?, ?, ?, ?, ?, ?, ?, ?, ?, ?, ?, default)
2026-02-25 15:19:56.301 [main] DEBUG org.hibernate.SQL - 
    /* insert for
        com.consumerfinance.domain.LoanRepayment */insert 
    into
        loan_repayments (created_at, due_date, installment_number, interest_amount, loan_id, paid_amount, paid_date, payment_mode, principal_amount, status, total_amount, transaction_reference, id) 
    values
        (?, ?, ?, ?, ?, ?, ?, ?, ?, ?, ?, ?, default)
2026-02-25 15:19:56.303 [main] DEBUG org.hibernate.SQL - 
    /* insert for
        com.consumerfinance.domain.LoanRepayment */insert 
    into
        loan_repayments (created_at, due_date, installment_number, interest_amount, loan_id, paid_amount, paid_date, payment_mode, principal_amount, status, total_amount, transaction_reference, id) 
    values
        (?, ?, ?, ?, ?, ?, ?, ?, ?, ?, ?, ?, default)
2026-02-25 15:19:56.304 [main] DEBUG org.hibernate.SQL - 
    /* insert for
        com.consumerfinance.domain.LoanRepayment */insert 
    into
        loan_repayments (created_at, due_date, installment_number, interest_amount, loan_id, paid_amount, paid_date, payment_mode, principal_amount, status, total_amount, transaction_reference, id) 
    values
        (?, ?, ?, ?, ?, ?, ?, ?, ?, ?, ?, ?, default)
2026-02-25 15:19:56.307 [main] DEBUG org.hibernate.SQL - 
    /* insert for
        com.consumerfinance.domain.LoanRepayment */insert 
    into
        loan_repayments (created_at, due_date, installment_number, interest_amount, loan_id, paid_amount, paid_date, payment_mode, principal_amount, status, total_amount, transaction_reference, id) 
    values
        (?, ?, ?, ?, ?, ?, ?, ?, ?, ?, ?, ?, default)
2026-02-25 15:19:56.309 [main] DEBUG org.hibernate.SQL - 
    /* insert for
        com.consumerfinance.domain.LoanRepayment */insert 
    into
        loan_repayments (created_at, due_date, installment_number, interest_amount, loan_id, paid_amount, paid_date, payment_mode, principal_amount, status, total_amount, transaction_reference, id) 
    values
        (?, ?, ?, ?, ?, ?, ?, ?, ?, ?, ?, ?, default)
2026-02-25 15:19:56.316 [main] DEBUG org.hibernate.SQL - 
    /* insert for
        com.consumerfinance.domain.LoanRepayment */insert 
    into
        loan_repayments (created_at, due_date, installment_number, interest_amount, loan_id, paid_amount, paid_date, payment_mode, principal_amount, status, total_amount, transaction_reference, id) 
    values
        (?, ?, ?, ?, ?, ?, ?, ?, ?, ?, ?, ?, default)
2026-02-25 15:19:56.321 [main] DEBUG org.hibernate.SQL - 
    /* insert for
        com.consumerfinance.domain.LoanRepayment */insert 
    into
        loan_repayments (created_at, due_date, installment_number, interest_amount, loan_id, paid_amount, paid_date, payment_mode, principal_amount, status, total_amount, transaction_reference, id) 
    values
        (?, ?, ?, ?, ?, ?, ?, ?, ?, ?, ?, ?, default)
2026-02-25 15:19:56.324 [main] DEBUG org.hibernate.SQL - 
    /* insert for
        com.consumerfinance.domain.LoanRepayment */insert 
    into
        loan_repayments (created_at, due_date, installment_number, interest_amount, loan_id, paid_amount, paid_date, payment_mode, principal_amount, status, total_amount, transaction_reference, id) 
    values
        (?, ?, ?, ?, ?, ?, ?, ?, ?, ?, ?, ?, default)
2026-02-25 15:19:56.327 [main] DEBUG org.hibernate.SQL - 
    /* insert for
        com.consumerfinance.domain.LoanRepayment */insert 
    into
        loan_repayments (created_at, due_date, installment_number, interest_amount, loan_id, paid_amount, paid_date, payment_mode, principal_amount, status, total_amount, transaction_reference, id) 
    values
        (?, ?, ?, ?, ?, ?, ?, ?, ?, ?, ?, ?, default)
2026-02-25 15:19:56.334 [main] DEBUG org.hibernate.SQL - 
    /* insert for
        com.consumerfinance.domain.LoanRepayment */insert 
    into
        loan_repayments (created_at, due_date, installment_number, interest_amount, loan_id, paid_amount, paid_date, payment_mode, principal_amount, status, total_amount, transaction_reference, id) 
    values
        (?, ?, ?, ?, ?, ?, ?, ?, ?, ?, ?, ?, default)
2026-02-25 15:19:56.340 [main] DEBUG org.hibernate.SQL - 
    /* insert for
        com.consumerfinance.domain.LoanRepayment */insert 
    into
        loan_repayments (created_at, due_date, installment_number, interest_amount, loan_id, paid_amount, paid_date, payment_mode, principal_amount, status, total_amount, transaction_reference, id) 
    values
        (?, ?, ?, ?, ?, ?, ?, ?, ?, ?, ?, ?, default)
2026-02-25 15:19:56.343 [main] DEBUG org.hibernate.SQL - 
    /* insert for
        com.consumerfinance.domain.LoanRepayment */insert 
    into
        loan_repayments (created_at, due_date, installment_number, interest_amount, loan_id, paid_amount, paid_date, payment_mode, principal_amount, status, total_amount, transaction_reference, id) 
    values
        (?, ?, ?, ?, ?, ?, ?, ?, ?, ?, ?, ?, default)
2026-02-25 15:19:56.345 [main] DEBUG org.hibernate.SQL - 
    /* insert for
        com.consumerfinance.domain.LoanRepayment */insert 
    into
        loan_repayments (created_at, due_date, installment_number, interest_amount, loan_id, paid_amount, paid_date, payment_mode, principal_amount, status, total_amount, transaction_reference, id) 
    values
        (?, ?, ?, ?, ?, ?, ?, ?, ?, ?, ?, ?, default)
2026-02-25 15:19:56.348 [main] DEBUG org.hibernate.SQL - 
    /* insert for
        com.consumerfinance.domain.LoanRepayment */insert 
    into
        loan_repayments (created_at, due_date, installment_number, interest_amount, loan_id, paid_amount, paid_date, payment_mode, principal_amount, status, total_amount, transaction_reference, id) 
    values
        (?, ?, ?, ?, ?, ?, ?, ?, ?, ?, ?, ?, default)
2026-02-25 15:19:56.351 [main] DEBUG org.hibernate.SQL - 
    /* insert for
        com.consumerfinance.domain.LoanRepayment */insert 
    into
        loan_repayments (created_at, due_date, installment_number, interest_amount, loan_id, paid_amount, paid_date, payment_mode, principal_amount, status, total_amount, transaction_reference, id) 
    values
        (?, ?, ?, ?, ?, ?, ?, ?, ?, ?, ?, ?, default)
2026-02-25 15:19:56.354 [main] DEBUG org.hibernate.SQL - 
    /* insert for
        com.consumerfinance.domain.LoanRepayment */insert 
    into
        loan_repayments (created_at, due_date, installment_number, interest_amount, loan_id, paid_amount, paid_date, payment_mode, principal_amount, status, total_amount, transaction_reference, id) 
    values
        (?, ?, ?, ?, ?, ?, ?, ?, ?, ?, ?, ?, default)
2026-02-25 15:19:56.356 [main] DEBUG org.hibernate.SQL - 
    /* insert for
        com.consumerfinance.domain.LoanRepayment */insert 
    into
        loan_repayments (created_at, due_date, installment_number, interest_amount, loan_id, paid_amount, paid_date, payment_mode, principal_amount, status, total_amount, transaction_reference, id) 
    values
        (?, ?, ?, ?, ?, ?, ?, ?, ?, ?, ?, ?, default)
2026-02-25 15:19:56.359 [main] DEBUG org.hibernate.SQL - 
    /* insert for
        com.consumerfinance.domain.LoanRepayment */insert 
    into
        loan_repayments (created_at, due_date, installment_number, interest_amount, loan_id, paid_amount, paid_date, payment_mode, principal_amount, status, total_amount, transaction_reference, id) 
    values
        (?, ?, ?, ?, ?, ?, ?, ?, ?, ?, ?, ?, default)
2026-02-25 15:19:56.362 [main] DEBUG org.hibernate.SQL - 
    /* insert for
        com.consumerfinance.domain.LoanRepayment */insert 
    into
        loan_repayments (created_at, due_date, installment_number, interest_amount, loan_id, paid_amount, paid_date, payment_mode, principal_amount, status, total_amount, transaction_reference, id) 
    values
        (?, ?, ?, ?, ?, ?, ?, ?, ?, ?, ?, ?, default)
2026-02-25 15:19:56.367 [main] DEBUG org.hibernate.SQL - 
    /* insert for
        com.consumerfinance.domain.LoanRepayment */insert 
    into
        loan_repayments (created_at, due_date, installment_number, interest_amount, loan_id, paid_amount, paid_date, payment_mode, principal_amount, status, total_amount, transaction_reference, id) 
    values
        (?, ?, ?, ?, ?, ?, ?, ?, ?, ?, ?, ?, default)
2026-02-25 15:19:56.371 [main] DEBUG org.hibernate.SQL - 
    /* insert for
        com.consumerfinance.domain.LoanRepayment */insert 
    into
        loan_repayments (created_at, due_date, installment_number, interest_amount, loan_id, paid_amount, paid_date, payment_mode, principal_amount, status, total_amount, transaction_reference, id) 
    values
        (?, ?, ?, ?, ?, ?, ?, ?, ?, ?, ?, ?, default)
2026-02-25 15:19:56.374 [main] DEBUG org.hibernate.SQL - 
    /* insert for
        com.consumerfinance.domain.LoanRepayment */insert 
    into
        loan_repayments (created_at, due_date, installment_number, interest_amount, loan_id, paid_amount, paid_date, payment_mode, principal_amount, status, total_amount, transaction_reference, id) 
    values
        (?, ?, ?, ?, ?, ?, ?, ?, ?, ?, ?, ?, default)
2026-02-25 15:19:56.378 [main] DEBUG org.hibernate.SQL - 
    /* insert for
        com.consumerfinance.domain.LoanRepayment */insert 
    into
        loan_repayments (created_at, due_date, installment_number, interest_amount, loan_id, paid_amount, paid_date, payment_mode, principal_amount, status, total_amount, transaction_reference, id) 
    values
        (?, ?, ?, ?, ?, ?, ?, ?, ?, ?, ?, ?, default)
2026-02-25 15:19:56.381 [main] DEBUG org.hibernate.SQL - 
    /* insert for
        com.consumerfinance.domain.LoanRepayment */insert 
    into
        loan_repayments (created_at, due_date, installment_number, interest_amount, loan_id, paid_amount, paid_date, payment_mode, principal_amount, status, total_amount, transaction_reference, id) 
    values
        (?, ?, ?, ?, ?, ?, ?, ?, ?, ?, ?, ?, default)
2026-02-25 15:19:56.385 [main] DEBUG org.hibernate.SQL - 
    /* insert for
        com.consumerfinance.domain.LoanRepayment */insert 
    into
        loan_repayments (created_at, due_date, installment_number, interest_amount, loan_id, paid_amount, paid_date, payment_mode, principal_amount, status, total_amount, transaction_reference, id) 
    values
        (?, ?, ?, ?, ?, ?, ?, ?, ?, ?, ?, ?, default)
2026-02-25 15:19:56.389 [main] DEBUG org.hibernate.SQL - 
    /* insert for
        com.consumerfinance.domain.LoanRepayment */insert 
    into
        loan_repayments (created_at, due_date, installment_number, interest_amount, loan_id, paid_amount, paid_date, payment_mode, principal_amount, status, total_amount, transaction_reference, id) 
    values
        (?, ?, ?, ?, ?, ?, ?, ?, ?, ?, ?, ?, default)
2026-02-25 15:19:56.391 [main] DEBUG org.hibernate.SQL - 
    /* insert for
        com.consumerfinance.domain.LoanRepayment */insert 
    into
        loan_repayments (created_at, due_date, installment_number, interest_amount, loan_id, paid_amount, paid_date, payment_mode, principal_amount, status, total_amount, transaction_reference, id) 
    values
        (?, ?, ?, ?, ?, ?, ?, ?, ?, ?, ?, ?, default)
2026-02-25 15:19:56.393 [main] DEBUG org.hibernate.SQL - 
    /* insert for
        com.consumerfinance.domain.LoanRepayment */insert 
    into
        loan_repayments (created_at, due_date, installment_number, interest_amount, loan_id, paid_amount, paid_date, payment_mode, principal_amount, status, total_amount, transaction_reference, id) 
    values
        (?, ?, ?, ?, ?, ?, ?, ?, ?, ?, ?, ?, default)
2026-02-25 15:19:56.395 [main] DEBUG org.hibernate.SQL - 
    /* insert for
        com.consumerfinance.domain.LoanRepayment */insert 
    into
        loan_repayments (created_at, due_date, installment_number, interest_amount, loan_id, paid_amount, paid_date, payment_mode, principal_amount, status, total_amount, transaction_reference, id) 
    values
        (?, ?, ?, ?, ?, ?, ?, ?, ?, ?, ?, ?, default)
2026-02-25 15:19:56.396 [main] DEBUG org.hibernate.SQL - 
    /* insert for
        com.consumerfinance.domain.LoanRepayment */insert 
    into
        loan_repayments (created_at, due_date, installment_number, interest_amount, loan_id, paid_amount, paid_date, payment_mode, principal_amount, status, total_amount, transaction_reference, id) 
    values
        (?, ?, ?, ?, ?, ?, ?, ?, ?, ?, ?, ?, default)
2026-02-25 15:19:56.400 [main] DEBUG org.hibernate.SQL - 
    /* insert for
        com.consumerfinance.domain.LoanRepayment */insert 
    into
        loan_repayments (created_at, due_date, installment_number, interest_amount, loan_id, paid_amount, paid_date, payment_mode, principal_amount, status, total_amount, transaction_reference, id) 
    values
        (?, ?, ?, ?, ?, ?, ?, ?, ?, ?, ?, ?, default)
2026-02-25 15:19:56.403 [main] DEBUG org.hibernate.SQL - 
    /* insert for
        com.consumerfinance.domain.LoanRepayment */insert 
    into
        loan_repayments (created_at, due_date, installment_number, interest_amount, loan_id, paid_amount, paid_date, payment_mode, principal_amount, status, total_amount, transaction_reference, id) 
    values
        (?, ?, ?, ?, ?, ?, ?, ?, ?, ?, ?, ?, default)
2026-02-25 15:19:56.405 [main] DEBUG org.hibernate.SQL - 
    /* insert for
        com.consumerfinance.domain.LoanRepayment */insert 
    into
        loan_repayments (created_at, due_date, installment_number, interest_amount, loan_id, paid_amount, paid_date, payment_mode, principal_amount, status, total_amount, transaction_reference, id) 
    values
        (?, ?, ?, ?, ?, ?, ?, ?, ?, ?, ?, ?, default)
2026-02-25 15:19:56.408 [main] DEBUG org.hibernate.SQL - 
    /* insert for
        com.consumerfinance.domain.LoanRepayment */insert 
    into
        loan_repayments (created_at, due_date, installment_number, interest_amount, loan_id, paid_amount, paid_date, payment_mode, principal_amount, status, total_amount, transaction_reference, id) 
    values
        (?, ?, ?, ?, ?, ?, ?, ?, ?, ?, ?, ?, default)
2026-02-25 15:19:56.410 [main] DEBUG org.hibernate.SQL - 
    /* insert for
        com.consumerfinance.domain.LoanRepayment */insert 
    into
        loan_repayments (created_at, due_date, installment_number, interest_amount, loan_id, paid_amount, paid_date, payment_mode, principal_amount, status, total_amount, transaction_reference, id) 
    values
        (?, ?, ?, ?, ?, ?, ?, ?, ?, ?, ?, ?, default)
2026-02-25 15:19:56.412 [main] DEBUG org.hibernate.SQL - 
    /* insert for
        com.consumerfinance.domain.LoanRepayment */insert 
    into
        loan_repayments (created_at, due_date, installment_number, interest_amount, loan_id, paid_amount, paid_date, payment_mode, principal_amount, status, total_amount, transaction_reference, id) 
    values
        (?, ?, ?, ?, ?, ?, ?, ?, ?, ?, ?, ?, default)
2026-02-25 15:19:56.413 [main] DEBUG org.hibernate.SQL - 
    /* insert for
        com.consumerfinance.domain.LoanRepayment */insert 
    into
        loan_repayments (created_at, due_date, installment_number, interest_amount, loan_id, paid_amount, paid_date, payment_mode, principal_amount, status, total_amount, transaction_reference, id) 
    values
        (?, ?, ?, ?, ?, ?, ?, ?, ?, ?, ?, ?, default)
2026-02-25 15:19:56.416 [main] DEBUG org.hibernate.SQL - 
    /* insert for
        com.consumerfinance.domain.LoanRepayment */insert 
    into
        loan_repayments (created_at, due_date, installment_number, interest_amount, loan_id, paid_amount, paid_date, payment_mode, principal_amount, status, total_amount, transaction_reference, id) 
    values
        (?, ?, ?, ?, ?, ?, ?, ?, ?, ?, ?, ?, default)
2026-02-25 15:19:56.421 [main] DEBUG org.hibernate.SQL - 
    /* insert for
        com.consumerfinance.domain.LoanRepayment */insert 
    into
        loan_repayments (created_at, due_date, installment_number, interest_amount, loan_id, paid_amount, paid_date, payment_mode, principal_amount, status, total_amount, transaction_reference, id) 
    values
        (?, ?, ?, ?, ?, ?, ?, ?, ?, ?, ?, ?, default)
2026-02-25 15:19:56.425 [main] DEBUG org.hibernate.SQL - 
    /* insert for
        com.consumerfinance.domain.LoanRepayment */insert 
    into
        loan_repayments (created_at, due_date, installment_number, interest_amount, loan_id, paid_amount, paid_date, payment_mode, principal_amount, status, total_amount, transaction_reference, id) 
    values
        (?, ?, ?, ?, ?, ?, ?, ?, ?, ?, ?, ?, default)
2026-02-25 15:19:56.427 [main] DEBUG org.hibernate.SQL - 
    /* insert for
        com.consumerfinance.domain.LoanRepayment */insert 
    into
        loan_repayments (created_at, due_date, installment_number, interest_amount, loan_id, paid_amount, paid_date, payment_mode, principal_amount, status, total_amount, transaction_reference, id) 
    values
        (?, ?, ?, ?, ?, ?, ?, ?, ?, ?, ?, ?, default)
2026-02-25 15:19:56.432 [main] DEBUG org.hibernate.SQL - 
    /* insert for
        com.consumerfinance.domain.LoanRepayment */insert 
    into
        loan_repayments (created_at, due_date, installment_number, interest_amount, loan_id, paid_amount, paid_date, payment_mode, principal_amount, status, total_amount, transaction_reference, id) 
    values
        (?, ?, ?, ?, ?, ?, ?, ?, ?, ?, ?, ?, default)
2026-02-25 15:19:56.436 [main] DEBUG org.hibernate.SQL - 
    /* insert for
        com.consumerfinance.domain.LoanRepayment */insert 
    into
        loan_repayments (created_at, due_date, installment_number, interest_amount, loan_id, paid_amount, paid_date, payment_mode, principal_amount, status, total_amount, transaction_reference, id) 
    values
        (?, ?, ?, ?, ?, ?, ?, ?, ?, ?, ?, ?, default)
2026-02-25 15:19:56.436 [main] DEBUG org.hibernate.SQL - 
    /* insert for
        com.consumerfinance.domain.LoanRepayment */insert 
    into
        loan_repayments (created_at, due_date, installment_number, interest_amount, loan_id, paid_amount, paid_date, payment_mode, principal_amount, status, total_amount, transaction_reference, id) 
    values
        (?, ?, ?, ?, ?, ?, ?, ?, ?, ?, ?, ?, default)
2026-02-25 15:19:56.436 [main] DEBUG org.hibernate.SQL - 
    /* insert for
        com.consumerfinance.domain.LoanRepayment */insert 
    into
        loan_repayments (created_at, due_date, installment_number, interest_amount, loan_id, paid_amount, paid_date, payment_mode, principal_amount, status, total_amount, transaction_reference, id) 
    values
        (?, ?, ?, ?, ?, ?, ?, ?, ?, ?, ?, ?, default)
2026-02-25 15:19:56.442 [main] DEBUG org.hibernate.SQL - 
    /* insert for
        com.consumerfinance.domain.LoanRepayment */insert 
    into
        loan_repayments (created_at, due_date, installment_number, interest_amount, loan_id, paid_amount, paid_date, payment_mode, principal_amount, status, total_amount, transaction_reference, id) 
    values
        (?, ?, ?, ?, ?, ?, ?, ?, ?, ?, ?, ?, default)
2026-02-25 15:19:56.442 [main] DEBUG org.hibernate.SQL - 
    /* insert for
        com.consumerfinance.domain.LoanRepayment */insert 
    into
        loan_repayments (created_at, due_date, installment_number, interest_amount, loan_id, paid_amount, paid_date, payment_mode, principal_amount, status, total_amount, transaction_reference, id) 
    values
        (?, ?, ?, ?, ?, ?, ?, ?, ?, ?, ?, ?, default)
2026-02-25 15:19:56.442 [main] DEBUG org.hibernate.SQL - 
    /* insert for
        com.consumerfinance.domain.LoanRepayment */insert 
    into
        loan_repayments (created_at, due_date, installment_number, interest_amount, loan_id, paid_amount, paid_date, payment_mode, principal_amount, status, total_amount, transaction_reference, id) 
    values
        (?, ?, ?, ?, ?, ?, ?, ?, ?, ?, ?, ?, default)
2026-02-25 15:19:56.449 [main] DEBUG org.hibernate.SQL - 
    /* insert for
        com.consumerfinance.domain.LoanRepayment */insert 
    into
        loan_repayments (created_at, due_date, installment_number, interest_amount, loan_id, paid_amount, paid_date, payment_mode, principal_amount, status, total_amount, transaction_reference, id) 
    values
        (?, ?, ?, ?, ?, ?, ?, ?, ?, ?, ?, ?, default)
2026-02-25 15:19:56.449 [main] INFO  c.c.service.PersonalLoanService - Repayment schedule generated with 60 installments
2026-02-25 15:19:56.497 [main] DEBUG o.s.w.s.m.m.a.HttpEntityMethodProcessor - Using 'application/json', given [*/*] and supported [application/json, application/*+json]
2026-02-25 15:19:56.506 [main] DEBUG o.s.w.s.m.m.a.HttpEntityMethodProcessor - Writing [LoanResponse(id=1, customerId=CUST123456, principalAmount=500000, annualInterestRate=10.5, loanTenur (truncated)...]
2026-02-25 15:19:56.523 [main] DEBUG o.s.w.s.m.m.a.RequestMappingHandlerMapping - Mapped to com.consumerfinance.controller.PersonalLoanController#getLoansByCustomerId(String)
2026-02-25 15:19:56.533 [main] INFO  c.c.c.PersonalLoanController - REST: GET /api/v1/loans/customer/CUST123456 - Retrieving all loans
2026-02-25 15:19:56.533 [main] INFO  c.c.service.PersonalLoanService - Retrieving all loans for customer: CUST123456
2026-02-25 15:19:56.695 [main] DEBUG org.hibernate.SQL - 
    /* <criteria> */ select
        pl1_0.id,
        pl1_0.annual_interest_rate,
        pl1_0.approval_remarks,
        pl1_0.approved_at,
        pl1_0.closed_at,
        pl1_0.created_at,
        pl1_0.customer_id,
        pl1_0.loan_tenure_months,
        pl1_0.monthlyemi,
        pl1_0.outstanding_balance,
        pl1_0.principal_amount,
        pl1_0.rejected_at,
        pl1_0.rejection_reason,
        pl1_0.remaining_tenure,
        pl1_0.status,
        pl1_0.total_interest_payable 
    from
        personal_loans pl1_0 
    where
        pl1_0.customer_id=?
2026-02-25 15:19:56.730 [main] DEBUG o.s.w.s.m.m.a.HttpEntityMethodProcessor - Using 'application/json', given [*/*] and supported [application/json, application/*+json]
2026-02-25 15:19:56.730 [main] DEBUG o.s.w.s.m.m.a.HttpEntityMethodProcessor - Writing [[LoanResponse(id=1, customerId=CUST123456, principalAmount=500000.00, annualInterestRate=10.50, loan (truncated)...]

MockHttpServletRequest:
      HTTP Method = GET
      Request URI = /api/v1/loans/customer/CUST123456
       Parameters = {}
          Headers = []
             Body = null
    Session Attrs = {}

Handler:
             Type = com.consumerfinance.controller.PersonalLoanController
           Method = com.consumerfinance.controller.PersonalLoanController#getLoansByCustomerId(String)

Async:
    Async started = false
     Async result = null

Resolved Exception:
             Type = null

ModelAndView:
        View name = null
             View = null
            Model = null

FlashMap:
       Attributes = null

MockHttpServletResponse:
           Status = 200
    Error message = null
          Headers = [Vary:"Origin", "Access-Control-Request-Method", "Access-Control-Request-Headers", Content-Type:"application/json", X-Content-Type-Options:"nosniff", X-XSS-Protection:"0", Cache-Control:"no-cache, no-store, max-age=0, must-revalidate", Pragma:"no-cache", Expires:"0", X-Frame-Options:"DENY"]
     Content type = application/json
             Body = [{"id":1,"customerId":"CUST123456","principalAmount":500000.00,"annualInterestRate":10.50,"loanTenureMonths":60,"monthlyEMI":10746.95,"totalInterestPayable":144817.00,"outstandingBalance":500000.00,"remainingTenure":60,"status":"ACTIVE","createdAt":"2026-02-25T15:19:56.118159","approvedAt":"2026-02-25T15:19:56.118159","closedAt":null}]
    Forwarded URL = null
   Redirected URL = null
          Cookies = []
]]></system-out>
  </testcase>
  <testcase name="testCalculateEMIViaAPI" classname="com.consumerfinance.LoanManagementApplicationIntegrationTest" time="0.026">
    <system-out><![CDATA[2026-02-25 15:19:56.872 [main] DEBUG o.s.w.s.m.m.a.RequestMappingHandlerMapping - Mapped to com.consumerfinance.controller.EMICalculationController#calculateEMI(EMICalculationRequest)
2026-02-25 15:19:56.875 [main] DEBUG o.s.w.s.m.m.a.RequestResponseBodyMethodProcessor - Read "application/json;charset=UTF-8" to [EMICalculationRequest(principalAmount=500000, annualInterestRate=10.5, tenureMonths=60)]
2026-02-25 15:19:56.876 [main] INFO  c.c.c.EMICalculationController - REST: POST /api/v1/emi/calculate - Calculating EMI for Principal: 500000, Rate: 10.5, Tenure: 60
2026-02-25 15:19:56.876 [main] INFO  c.c.service.EMICalculationService - Calculating EMI for Principal: 500000, Rate: 10.5, Tenure: 60 months
2026-02-25 15:19:56.876 [main] INFO  c.c.service.EMICalculationService - EMI Calculation Result - Monthly EMI: 10746.95, Total Interest: 144817.00
2026-02-25 15:19:56.876 [main] DEBUG o.s.w.s.m.m.a.HttpEntityMethodProcessor - Using 'application/json', given [*/*] and supported [application/json, application/*+json]
2026-02-25 15:19:56.884 [main] DEBUG o.s.w.s.m.m.a.HttpEntityMethodProcessor - Writing [EMICalculationResponse(monthlyEMI=10746.95, totalAmount=644817.00, totalInterest=144817.00, principa (truncated)...]

MockHttpServletRequest:
      HTTP Method = POST
      Request URI = /api/v1/emi/calculate
       Parameters = {}
          Headers = [Content-Type:"application/json;charset=UTF-8", Content-Length:"70"]
             Body = {"principalAmount":500000,"annualInterestRate":10.5,"tenureMonths":60}
    Session Attrs = {}

Handler:
             Type = com.consumerfinance.controller.EMICalculationController
           Method = com.consumerfinance.controller.EMICalculationController#calculateEMI(EMICalculationRequest)

Async:
    Async started = false
     Async result = null

Resolved Exception:
             Type = null

ModelAndView:
        View name = null
             View = null
            Model = null

FlashMap:
       Attributes = null

MockHttpServletResponse:
           Status = 200
    Error message = null
          Headers = [Vary:"Origin", "Access-Control-Request-Method", "Access-Control-Request-Headers", Content-Type:"application/json", X-Content-Type-Options:"nosniff", X-XSS-Protection:"0", Cache-Control:"no-cache, no-store, max-age=0, must-revalidate", Pragma:"no-cache", Expires:"0", X-Frame-Options:"DENY"]
     Content type = application/json
             Body = {"monthlyEMI":10746.95,"totalAmount":644817.00,"totalInterest":144817.00,"principal":500000,"annualInterestRate":10.5,"tenureMonths":60}
    Forwarded URL = null
   Redirected URL = null
          Cookies = []
]]></system-out>
  </testcase>
  <testcase name="testProcessLoanRepayment" classname="com.consumerfinance.LoanManagementApplicationIntegrationTest" time="0.182">
    <failure message="Status expected:&lt;200&gt; but was:&lt;500&gt;" type="java.lang.AssertionError"><![CDATA[java.lang.AssertionError: Status expected:<200> but was:<500>
	at org.springframework.test.util.AssertionErrors.fail(AssertionErrors.java:59)
	at org.springframework.test.util.AssertionErrors.assertEquals(AssertionErrors.java:122)
	at org.springframework.test.web.servlet.result.StatusResultMatchers.lambda$matcher$9(StatusResultMatchers.java:637)
	at org.springframework.test.web.servlet.MockMvc$1.andExpect(MockMvc.java:214)
	at com.consumerfinance.LoanManagementApplicationIntegrationTest.testProcessLoanRepayment(LoanManagementApplicationIntegrationTest.java:138)
	at java.base/java.lang.reflect.Method.invoke(Method.java:568)
	at java.base/java.util.ArrayList.forEach(ArrayList.java:1511)
	at java.base/java.util.ArrayList.forEach(ArrayList.java:1511)
]]></failure>
    <system-out><![CDATA[2026-02-25 15:19:56.900 [main] DEBUG o.s.w.s.m.m.a.RequestMappingHandlerMapping - Mapped to com.consumerfinance.controller.PersonalLoanController#createLoan(CreateLoanRequest)
2026-02-25 15:19:56.902 [main] DEBUG o.s.w.s.m.m.a.RequestResponseBodyMethodProcessor - Read "application/json;charset=UTF-8" to [CreateLoanRequest(customerId=CUST123456, principalAmount=500000, annualInterestRate=10.5, loanTenure (truncated)...]
2026-02-25 15:19:56.902 [main] INFO  c.c.c.PersonalLoanController - REST: POST /api/v1/loans - Creating loan for customer: CUST123456
2026-02-25 15:19:56.903 [main] INFO  c.c.service.PersonalLoanService - Creating new personal loan for customer: CUST123456, amount: 500000
2026-02-25 15:19:56.903 [main] INFO  c.c.service.EMICalculationService - Calculating EMI for Principal: 500000, Rate: 10.5, Tenure: 60 months
2026-02-25 15:19:56.904 [main] INFO  c.c.service.EMICalculationService - EMI Calculation Result - Monthly EMI: 10746.95, Total Interest: 144817.00
2026-02-25 15:19:56.904 [main] DEBUG org.hibernate.SQL - 
    /* insert for
        com.consumerfinance.domain.PersonalLoan */insert 
    into
        personal_loans (annual_interest_rate, approval_remarks, approved_at, closed_at, created_at, customer_id, loan_tenure_months, monthlyemi, outstanding_balance, principal_amount, rejected_at, rejection_reason, remaining_tenure, status, total_interest_payable, id) 
    values
        (?, ?, ?, ?, ?, ?, ?, ?, ?, ?, ?, ?, ?, ?, ?, default)
2026-02-25 15:19:56.907 [main] INFO  c.c.service.PersonalLoanService - Personal loan created with ID: 2
2026-02-25 15:19:56.907 [main] INFO  c.c.service.PersonalLoanService - Generating repayment schedule for loan ID: 2
2026-02-25 15:19:56.908 [main] DEBUG org.hibernate.SQL - 
    /* insert for
        com.consumerfinance.domain.LoanRepayment */insert 
    into
        loan_repayments (created_at, due_date, installment_number, interest_amount, loan_id, paid_amount, paid_date, payment_mode, principal_amount, status, total_amount, transaction_reference, id) 
    values
        (?, ?, ?, ?, ?, ?, ?, ?, ?, ?, ?, ?, default)
2026-02-25 15:19:56.910 [main] DEBUG org.hibernate.SQL - 
    /* insert for
        com.consumerfinance.domain.LoanRepayment */insert 
    into
        loan_repayments (created_at, due_date, installment_number, interest_amount, loan_id, paid_amount, paid_date, payment_mode, principal_amount, status, total_amount, transaction_reference, id) 
    values
        (?, ?, ?, ?, ?, ?, ?, ?, ?, ?, ?, ?, default)
2026-02-25 15:19:56.912 [main] DEBUG org.hibernate.SQL - 
    /* insert for
        com.consumerfinance.domain.LoanRepayment */insert 
    into
        loan_repayments (created_at, due_date, installment_number, interest_amount, loan_id, paid_amount, paid_date, payment_mode, principal_amount, status, total_amount, transaction_reference, id) 
    values
        (?, ?, ?, ?, ?, ?, ?, ?, ?, ?, ?, ?, default)
2026-02-25 15:19:56.914 [main] DEBUG org.hibernate.SQL - 
    /* insert for
        com.consumerfinance.domain.LoanRepayment */insert 
    into
        loan_repayments (created_at, due_date, installment_number, interest_amount, loan_id, paid_amount, paid_date, payment_mode, principal_amount, status, total_amount, transaction_reference, id) 
    values
        (?, ?, ?, ?, ?, ?, ?, ?, ?, ?, ?, ?, default)
2026-02-25 15:19:56.916 [main] DEBUG org.hibernate.SQL - 
    /* insert for
        com.consumerfinance.domain.LoanRepayment */insert 
    into
        loan_repayments (created_at, due_date, installment_number, interest_amount, loan_id, paid_amount, paid_date, payment_mode, principal_amount, status, total_amount, transaction_reference, id) 
    values
        (?, ?, ?, ?, ?, ?, ?, ?, ?, ?, ?, ?, default)
2026-02-25 15:19:56.922 [main] DEBUG org.hibernate.SQL - 
    /* insert for
        com.consumerfinance.domain.LoanRepayment */insert 
    into
        loan_repayments (created_at, due_date, installment_number, interest_amount, loan_id, paid_amount, paid_date, payment_mode, principal_amount, status, total_amount, transaction_reference, id) 
    values
        (?, ?, ?, ?, ?, ?, ?, ?, ?, ?, ?, ?, default)
2026-02-25 15:19:56.924 [main] DEBUG org.hibernate.SQL - 
    /* insert for
        com.consumerfinance.domain.LoanRepayment */insert 
    into
        loan_repayments (created_at, due_date, installment_number, interest_amount, loan_id, paid_amount, paid_date, payment_mode, principal_amount, status, total_amount, transaction_reference, id) 
    values
        (?, ?, ?, ?, ?, ?, ?, ?, ?, ?, ?, ?, default)
2026-02-25 15:19:56.924 [main] DEBUG org.hibernate.SQL - 
    /* insert for
        com.consumerfinance.domain.LoanRepayment */insert 
    into
        loan_repayments (created_at, due_date, installment_number, interest_amount, loan_id, paid_amount, paid_date, payment_mode, principal_amount, status, total_amount, transaction_reference, id) 
    values
        (?, ?, ?, ?, ?, ?, ?, ?, ?, ?, ?, ?, default)
2026-02-25 15:19:56.926 [main] DEBUG org.hibernate.SQL - 
    /* insert for
        com.consumerfinance.domain.LoanRepayment */insert 
    into
        loan_repayments (created_at, due_date, installment_number, interest_amount, loan_id, paid_amount, paid_date, payment_mode, principal_amount, status, total_amount, transaction_reference, id) 
    values
        (?, ?, ?, ?, ?, ?, ?, ?, ?, ?, ?, ?, default)
2026-02-25 15:19:56.928 [main] DEBUG org.hibernate.SQL - 
    /* insert for
        com.consumerfinance.domain.LoanRepayment */insert 
    into
        loan_repayments (created_at, due_date, installment_number, interest_amount, loan_id, paid_amount, paid_date, payment_mode, principal_amount, status, total_amount, transaction_reference, id) 
    values
        (?, ?, ?, ?, ?, ?, ?, ?, ?, ?, ?, ?, default)
2026-02-25 15:19:56.928 [main] DEBUG org.hibernate.SQL - 
    /* insert for
        com.consumerfinance.domain.LoanRepayment */insert 
    into
        loan_repayments (created_at, due_date, installment_number, interest_amount, loan_id, paid_amount, paid_date, payment_mode, principal_amount, status, total_amount, transaction_reference, id) 
    values
        (?, ?, ?, ?, ?, ?, ?, ?, ?, ?, ?, ?, default)
2026-02-25 15:19:56.933 [main] DEBUG org.hibernate.SQL - 
    /* insert for
        com.consumerfinance.domain.LoanRepayment */insert 
    into
        loan_repayments (created_at, due_date, installment_number, interest_amount, loan_id, paid_amount, paid_date, payment_mode, principal_amount, status, total_amount, transaction_reference, id) 
    values
        (?, ?, ?, ?, ?, ?, ?, ?, ?, ?, ?, ?, default)
2026-02-25 15:19:56.935 [main] DEBUG org.hibernate.SQL - 
    /* insert for
        com.consumerfinance.domain.LoanRepayment */insert 
    into
        loan_repayments (created_at, due_date, installment_number, interest_amount, loan_id, paid_amount, paid_date, payment_mode, principal_amount, status, total_amount, transaction_reference, id) 
    values
        (?, ?, ?, ?, ?, ?, ?, ?, ?, ?, ?, ?, default)
2026-02-25 15:19:56.936 [main] DEBUG org.hibernate.SQL - 
    /* insert for
        com.consumerfinance.domain.LoanRepayment */insert 
    into
        loan_repayments (created_at, due_date, installment_number, interest_amount, loan_id, paid_amount, paid_date, payment_mode, principal_amount, status, total_amount, transaction_reference, id) 
    values
        (?, ?, ?, ?, ?, ?, ?, ?, ?, ?, ?, ?, default)
2026-02-25 15:19:56.939 [main] DEBUG org.hibernate.SQL - 
    /* insert for
        com.consumerfinance.domain.LoanRepayment */insert 
    into
        loan_repayments (created_at, due_date, installment_number, interest_amount, loan_id, paid_amount, paid_date, payment_mode, principal_amount, status, total_amount, transaction_reference, id) 
    values
        (?, ?, ?, ?, ?, ?, ?, ?, ?, ?, ?, ?, default)
2026-02-25 15:19:56.942 [main] DEBUG org.hibernate.SQL - 
    /* insert for
        com.consumerfinance.domain.LoanRepayment */insert 
    into
        loan_repayments (created_at, due_date, installment_number, interest_amount, loan_id, paid_amount, paid_date, payment_mode, principal_amount, status, total_amount, transaction_reference, id) 
    values
        (?, ?, ?, ?, ?, ?, ?, ?, ?, ?, ?, ?, default)
2026-02-25 15:19:56.943 [main] DEBUG org.hibernate.SQL - 
    /* insert for
        com.consumerfinance.domain.LoanRepayment */insert 
    into
        loan_repayments (created_at, due_date, installment_number, interest_amount, loan_id, paid_amount, paid_date, payment_mode, principal_amount, status, total_amount, transaction_reference, id) 
    values
        (?, ?, ?, ?, ?, ?, ?, ?, ?, ?, ?, ?, default)
2026-02-25 15:19:56.943 [main] DEBUG org.hibernate.SQL - 
    /* insert for
        com.consumerfinance.domain.LoanRepayment */insert 
    into
        loan_repayments (created_at, due_date, installment_number, interest_amount, loan_id, paid_amount, paid_date, payment_mode, principal_amount, status, total_amount, transaction_reference, id) 
    values
        (?, ?, ?, ?, ?, ?, ?, ?, ?, ?, ?, ?, default)
2026-02-25 15:19:56.943 [main] DEBUG org.hibernate.SQL - 
    /* insert for
        com.consumerfinance.domain.LoanRepayment */insert 
    into
        loan_repayments (created_at, due_date, installment_number, interest_amount, loan_id, paid_amount, paid_date, payment_mode, principal_amount, status, total_amount, transaction_reference, id) 
    values
        (?, ?, ?, ?, ?, ?, ?, ?, ?, ?, ?, ?, default)
2026-02-25 15:19:56.948 [main] DEBUG org.hibernate.SQL - 
    /* insert for
        com.consumerfinance.domain.LoanRepayment */insert 
    into
        loan_repayments (created_at, due_date, installment_number, interest_amount, loan_id, paid_amount, paid_date, payment_mode, principal_amount, status, total_amount, transaction_reference, id) 
    values
        (?, ?, ?, ?, ?, ?, ?, ?, ?, ?, ?, ?, default)
2026-02-25 15:19:56.952 [main] DEBUG org.hibernate.SQL - 
    /* insert for
        com.consumerfinance.domain.LoanRepayment */insert 
    into
        loan_repayments (created_at, due_date, installment_number, interest_amount, loan_id, paid_amount, paid_date, payment_mode, principal_amount, status, total_amount, transaction_reference, id) 
    values
        (?, ?, ?, ?, ?, ?, ?, ?, ?, ?, ?, ?, default)
2026-02-25 15:19:56.954 [main] DEBUG org.hibernate.SQL - 
    /* insert for
        com.consumerfinance.domain.LoanRepayment */insert 
    into
        loan_repayments (created_at, due_date, installment_number, interest_amount, loan_id, paid_amount, paid_date, payment_mode, principal_amount, status, total_amount, transaction_reference, id) 
    values
        (?, ?, ?, ?, ?, ?, ?, ?, ?, ?, ?, ?, default)
2026-02-25 15:19:56.956 [main] DEBUG org.hibernate.SQL - 
    /* insert for
        com.consumerfinance.domain.LoanRepayment */insert 
    into
        loan_repayments (created_at, due_date, installment_number, interest_amount, loan_id, paid_amount, paid_date, payment_mode, principal_amount, status, total_amount, transaction_reference, id) 
    values
        (?, ?, ?, ?, ?, ?, ?, ?, ?, ?, ?, ?, default)
2026-02-25 15:19:56.958 [main] DEBUG org.hibernate.SQL - 
    /* insert for
        com.consumerfinance.domain.LoanRepayment */insert 
    into
        loan_repayments (created_at, due_date, installment_number, interest_amount, loan_id, paid_amount, paid_date, payment_mode, principal_amount, status, total_amount, transaction_reference, id) 
    values
        (?, ?, ?, ?, ?, ?, ?, ?, ?, ?, ?, ?, default)
2026-02-25 15:19:56.960 [main] DEBUG org.hibernate.SQL - 
    /* insert for
        com.consumerfinance.domain.LoanRepayment */insert 
    into
        loan_repayments (created_at, due_date, installment_number, interest_amount, loan_id, paid_amount, paid_date, payment_mode, principal_amount, status, total_amount, transaction_reference, id) 
    values
        (?, ?, ?, ?, ?, ?, ?, ?, ?, ?, ?, ?, default)
2026-02-25 15:19:56.962 [main] DEBUG org.hibernate.SQL - 
    /* insert for
        com.consumerfinance.domain.LoanRepayment */insert 
    into
        loan_repayments (created_at, due_date, installment_number, interest_amount, loan_id, paid_amount, paid_date, payment_mode, principal_amount, status, total_amount, transaction_reference, id) 
    values
        (?, ?, ?, ?, ?, ?, ?, ?, ?, ?, ?, ?, default)
2026-02-25 15:19:56.964 [main] DEBUG org.hibernate.SQL - 
    /* insert for
        com.consumerfinance.domain.LoanRepayment */insert 
    into
        loan_repayments (created_at, due_date, installment_number, interest_amount, loan_id, paid_amount, paid_date, payment_mode, principal_amount, status, total_amount, transaction_reference, id) 
    values
        (?, ?, ?, ?, ?, ?, ?, ?, ?, ?, ?, ?, default)
2026-02-25 15:19:56.967 [main] DEBUG org.hibernate.SQL - 
    /* insert for
        com.consumerfinance.domain.LoanRepayment */insert 
    into
        loan_repayments (created_at, due_date, installment_number, interest_amount, loan_id, paid_amount, paid_date, payment_mode, principal_amount, status, total_amount, transaction_reference, id) 
    values
        (?, ?, ?, ?, ?, ?, ?, ?, ?, ?, ?, ?, default)
2026-02-25 15:19:56.968 [main] DEBUG org.hibernate.SQL - 
    /* insert for
        com.consumerfinance.domain.LoanRepayment */insert 
    into
        loan_repayments (created_at, due_date, installment_number, interest_amount, loan_id, paid_amount, paid_date, payment_mode, principal_amount, status, total_amount, transaction_reference, id) 
    values
        (?, ?, ?, ?, ?, ?, ?, ?, ?, ?, ?, ?, default)
2026-02-25 15:19:56.970 [main] DEBUG org.hibernate.SQL - 
    /* insert for
        com.consumerfinance.domain.LoanRepayment */insert 
    into
        loan_repayments (created_at, due_date, installment_number, interest_amount, loan_id, paid_amount, paid_date, payment_mode, principal_amount, status, total_amount, transaction_reference, id) 
    values
        (?, ?, ?, ?, ?, ?, ?, ?, ?, ?, ?, ?, default)
2026-02-25 15:19:56.972 [main] DEBUG org.hibernate.SQL - 
    /* insert for
        com.consumerfinance.domain.LoanRepayment */insert 
    into
        loan_repayments (created_at, due_date, installment_number, interest_amount, loan_id, paid_amount, paid_date, payment_mode, principal_amount, status, total_amount, transaction_reference, id) 
    values
        (?, ?, ?, ?, ?, ?, ?, ?, ?, ?, ?, ?, default)
2026-02-25 15:19:56.972 [main] DEBUG org.hibernate.SQL - 
    /* insert for
        com.consumerfinance.domain.LoanRepayment */insert 
    into
        loan_repayments (created_at, due_date, installment_number, interest_amount, loan_id, paid_amount, paid_date, payment_mode, principal_amount, status, total_amount, transaction_reference, id) 
    values
        (?, ?, ?, ?, ?, ?, ?, ?, ?, ?, ?, ?, default)
2026-02-25 15:19:56.972 [main] DEBUG org.hibernate.SQL - 
    /* insert for
        com.consumerfinance.domain.LoanRepayment */insert 
    into
        loan_repayments (created_at, due_date, installment_number, interest_amount, loan_id, paid_amount, paid_date, payment_mode, principal_amount, status, total_amount, transaction_reference, id) 
    values
        (?, ?, ?, ?, ?, ?, ?, ?, ?, ?, ?, ?, default)
2026-02-25 15:19:56.972 [main] DEBUG org.hibernate.SQL - 
    /* insert for
        com.consumerfinance.domain.LoanRepayment */insert 
    into
        loan_repayments (created_at, due_date, installment_number, interest_amount, loan_id, paid_amount, paid_date, payment_mode, principal_amount, status, total_amount, transaction_reference, id) 
    values
        (?, ?, ?, ?, ?, ?, ?, ?, ?, ?, ?, ?, default)
2026-02-25 15:19:56.972 [main] DEBUG org.hibernate.SQL - 
    /* insert for
        com.consumerfinance.domain.LoanRepayment */insert 
    into
        loan_repayments (created_at, due_date, installment_number, interest_amount, loan_id, paid_amount, paid_date, payment_mode, principal_amount, status, total_amount, transaction_reference, id) 
    values
        (?, ?, ?, ?, ?, ?, ?, ?, ?, ?, ?, ?, default)
2026-02-25 15:19:56.978 [main] DEBUG org.hibernate.SQL - 
    /* insert for
        com.consumerfinance.domain.LoanRepayment */insert 
    into
        loan_repayments (created_at, due_date, installment_number, interest_amount, loan_id, paid_amount, paid_date, payment_mode, principal_amount, status, total_amount, transaction_reference, id) 
    values
        (?, ?, ?, ?, ?, ?, ?, ?, ?, ?, ?, ?, default)
2026-02-25 15:19:56.978 [main] DEBUG org.hibernate.SQL - 
    /* insert for
        com.consumerfinance.domain.LoanRepayment */insert 
    into
        loan_repayments (created_at, due_date, installment_number, interest_amount, loan_id, paid_amount, paid_date, payment_mode, principal_amount, status, total_amount, transaction_reference, id) 
    values
        (?, ?, ?, ?, ?, ?, ?, ?, ?, ?, ?, ?, default)
2026-02-25 15:19:56.978 [main] DEBUG org.hibernate.SQL - 
    /* insert for
        com.consumerfinance.domain.LoanRepayment */insert 
    into
        loan_repayments (created_at, due_date, installment_number, interest_amount, loan_id, paid_amount, paid_date, payment_mode, principal_amount, status, total_amount, transaction_reference, id) 
    values
        (?, ?, ?, ?, ?, ?, ?, ?, ?, ?, ?, ?, default)
2026-02-25 15:19:56.981 [main] DEBUG org.hibernate.SQL - 
    /* insert for
        com.consumerfinance.domain.LoanRepayment */insert 
    into
        loan_repayments (created_at, due_date, installment_number, interest_amount, loan_id, paid_amount, paid_date, payment_mode, principal_amount, status, total_amount, transaction_reference, id) 
    values
        (?, ?, ?, ?, ?, ?, ?, ?, ?, ?, ?, ?, default)
2026-02-25 15:19:56.983 [main] DEBUG org.hibernate.SQL - 
    /* insert for
        com.consumerfinance.domain.LoanRepayment */insert 
    into
        loan_repayments (created_at, due_date, installment_number, interest_amount, loan_id, paid_amount, paid_date, payment_mode, principal_amount, status, total_amount, transaction_reference, id) 
    values
        (?, ?, ?, ?, ?, ?, ?, ?, ?, ?, ?, ?, default)
2026-02-25 15:19:56.985 [main] DEBUG org.hibernate.SQL - 
    /* insert for
        com.consumerfinance.domain.LoanRepayment */insert 
    into
        loan_repayments (created_at, due_date, installment_number, interest_amount, loan_id, paid_amount, paid_date, payment_mode, principal_amount, status, total_amount, transaction_reference, id) 
    values
        (?, ?, ?, ?, ?, ?, ?, ?, ?, ?, ?, ?, default)
2026-02-25 15:19:56.988 [main] DEBUG org.hibernate.SQL - 
    /* insert for
        com.consumerfinance.domain.LoanRepayment */insert 
    into
        loan_repayments (created_at, due_date, installment_number, interest_amount, loan_id, paid_amount, paid_date, payment_mode, principal_amount, status, total_amount, transaction_reference, id) 
    values
        (?, ?, ?, ?, ?, ?, ?, ?, ?, ?, ?, ?, default)
2026-02-25 15:19:56.990 [main] DEBUG org.hibernate.SQL - 
    /* insert for
        com.consumerfinance.domain.LoanRepayment */insert 
    into
        loan_repayments (created_at, due_date, installment_number, interest_amount, loan_id, paid_amount, paid_date, payment_mode, principal_amount, status, total_amount, transaction_reference, id) 
    values
        (?, ?, ?, ?, ?, ?, ?, ?, ?, ?, ?, ?, default)
2026-02-25 15:19:56.991 [main] DEBUG org.hibernate.SQL - 
    /* insert for
        com.consumerfinance.domain.LoanRepayment */insert 
    into
        loan_repayments (created_at, due_date, installment_number, interest_amount, loan_id, paid_amount, paid_date, payment_mode, principal_amount, status, total_amount, transaction_reference, id) 
    values
        (?, ?, ?, ?, ?, ?, ?, ?, ?, ?, ?, ?, default)
2026-02-25 15:19:56.992 [main] DEBUG org.hibernate.SQL - 
    /* insert for
        com.consumerfinance.domain.LoanRepayment */insert 
    into
        loan_repayments (created_at, due_date, installment_number, interest_amount, loan_id, paid_amount, paid_date, payment_mode, principal_amount, status, total_amount, transaction_reference, id) 
    values
        (?, ?, ?, ?, ?, ?, ?, ?, ?, ?, ?, ?, default)
2026-02-25 15:19:56.993 [main] DEBUG org.hibernate.SQL - 
    /* insert for
        com.consumerfinance.domain.LoanRepayment */insert 
    into
        loan_repayments (created_at, due_date, installment_number, interest_amount, loan_id, paid_amount, paid_date, payment_mode, principal_amount, status, total_amount, transaction_reference, id) 
    values
        (?, ?, ?, ?, ?, ?, ?, ?, ?, ?, ?, ?, default)
2026-02-25 15:19:56.994 [main] DEBUG org.hibernate.SQL - 
    /* insert for
        com.consumerfinance.domain.LoanRepayment */insert 
    into
        loan_repayments (created_at, due_date, installment_number, interest_amount, loan_id, paid_amount, paid_date, payment_mode, principal_amount, status, total_amount, transaction_reference, id) 
    values
        (?, ?, ?, ?, ?, ?, ?, ?, ?, ?, ?, ?, default)
2026-02-25 15:19:56.995 [main] DEBUG org.hibernate.SQL - 
    /* insert for
        com.consumerfinance.domain.LoanRepayment */insert 
    into
        loan_repayments (created_at, due_date, installment_number, interest_amount, loan_id, paid_amount, paid_date, payment_mode, principal_amount, status, total_amount, transaction_reference, id) 
    values
        (?, ?, ?, ?, ?, ?, ?, ?, ?, ?, ?, ?, default)
2026-02-25 15:19:56.996 [main] DEBUG org.hibernate.SQL - 
    /* insert for
        com.consumerfinance.domain.LoanRepayment */insert 
    into
        loan_repayments (created_at, due_date, installment_number, interest_amount, loan_id, paid_amount, paid_date, payment_mode, principal_amount, status, total_amount, transaction_reference, id) 
    values
        (?, ?, ?, ?, ?, ?, ?, ?, ?, ?, ?, ?, default)
2026-02-25 15:19:57.002 [main] DEBUG org.hibernate.SQL - 
    /* insert for
        com.consumerfinance.domain.LoanRepayment */insert 
    into
        loan_repayments (created_at, due_date, installment_number, interest_amount, loan_id, paid_amount, paid_date, payment_mode, principal_amount, status, total_amount, transaction_reference, id) 
    values
        (?, ?, ?, ?, ?, ?, ?, ?, ?, ?, ?, ?, default)
2026-02-25 15:19:57.002 [main] DEBUG org.hibernate.SQL - 
    /* insert for
        com.consumerfinance.domain.LoanRepayment */insert 
    into
        loan_repayments (created_at, due_date, installment_number, interest_amount, loan_id, paid_amount, paid_date, payment_mode, principal_amount, status, total_amount, transaction_reference, id) 
    values
[...]

MockHttpServletRequest:
      HTTP Method = GET
      Request URI = /api/v1/loans/4
       Parameters = {}
          Headers = []
             Body = null
    Session Attrs = {}

Handler:
             Type = com.consumerfinance.controller.PersonalLoanController
           Method = com.consumerfinance.controller.PersonalLoanController#getLoan(Long)

Async:
    Async started = false
     Async result = null

Resolved Exception:
             Type = null

ModelAndView:
        View name = null
             View = null
            Model = null

FlashMap:
       Attributes = null

MockHttpServletResponse:
           Status = 200
    Error message = null
          Headers = [Vary:"Origin", "Access-Control-Request-Method", "Access-Control-Request-Headers", Content-Type:"application/json", X-Content-Type-Options:"nosniff", X-XSS-Protection:"0", Cache-Control:"no-cache, no-store, max-age=0, must-revalidate", Pragma:"no-cache", Expires:"0", X-Frame-Options:"DENY"]
     Content type = application/json
             Body = {"id":4,"customerId":"CUST123456","principalAmount":500000.00,"annualInterestRate":10.50,"loanTenureMonths":60,"monthlyEMI":10746.95,"totalInterestPayable":144817.00,"outstandingBalance":500000.00,"remainingTenure":60,"status":"ACTIVE","createdAt":"2026-02-25T15:19:57.372491","approvedAt":"2026-02-25T15:19:57.372491","closedAt":null}
    Forwarded URL = null
   Redirected URL = null
          Cookies = []
2026-02-25 15:19:57.542 [main] DEBUG o.s.w.s.m.m.a.RequestMappingHandlerMapping - Mapped to com.consumerfinance.controller.LoanRepaymentController#getRepaymentsByLoanId(Long)
2026-02-25 15:19:57.542 [main] INFO  c.c.c.LoanRepaymentController - REST: GET /api/v1/repayments/4 - Retrieving all repayments
2026-02-25 15:19:57.542 [main] INFO  c.c.service.LoanRepaymentService - Retrieving all repayments for Loan ID: 4
2026-02-25 15:19:57.542 [main] DEBUG org.hibernate.SQL - 
    select
        pl1_0.id,
        pl1_0.annual_interest_rate,
        pl1_0.approval_remarks,
        pl1_0.approved_at,
        pl1_0.closed_at,
        pl1_0.created_at,
        pl1_0.customer_id,
        pl1_0.loan_tenure_months,
        pl1_0.monthlyemi,
        pl1_0.outstanding_balance,
        pl1_0.principal_amount,
        pl1_0.rejected_at,
        pl1_0.rejection_reason,
        pl1_0.remaining_tenure,
        pl1_0.status,
        pl1_0.total_interest_payable 
    from
        personal_loans pl1_0 
    where
        pl1_0.id=?
2026-02-25 15:19:57.554 [main] DEBUG org.hibernate.SQL - 
    /* <criteria> */ select
        lr1_0.id,
        lr1_0.created_at,
        lr1_0.due_date,
        lr1_0.installment_number,
        lr1_0.interest_amount,
        lr1_0.loan_id,
        lr1_0.paid_amount,
        lr1_0.paid_date,
        lr1_0.payment_mode,
        lr1_0.principal_amount,
        lr1_0.status,
        lr1_0.total_amount,
        lr1_0.transaction_reference 
    from
        loan_repayments lr1_0 
    where
        lr1_0.loan_id=?
2026-02-25 15:19:57.587 [main] DEBUG o.s.w.s.m.m.a.HttpEntityMethodProcessor - Using 'application/json', given [*/*] and supported [application/json, application/*+json]
2026-02-25 15:19:57.600 [main] DEBUG o.s.w.s.m.m.a.HttpEntityMethodProcessor - Writing [[RepaymentResponse(id=181, loanId=4, installmentNumber=1, principalAmount=6371.95, interestAmount=43 (truncated)...]

MockHttpServletRequest:
      HTTP Method = GET
      Request URI = /api/v1/repayments/4
       Parameters = {}
          Headers = []
             Body = null
    Session Attrs = {}

Handler:
             Type = com.consumerfinance.controller.LoanRepaymentController
           Method = com.consumerfinance.controller.LoanRepaymentController#getRepaymentsByLoanId(Long)

Async:
    Async started = false
     Async result = null

Resolved Exception:
             Type = null

ModelAndView:
        View name = null
             View = null
            Model = null

FlashMap:
       Attributes = null

MockHttpServletResponse:
           Status = 200
    Error message = null
          Headers = [Vary:"Origin", "Access-Control-Request-Method", "Access-Control-Request-Headers", Content-Type:"application/json", X-Content-Type-Options:"nosniff", X-XSS-Protection:"0", Cache-Control:"no-cache, no-store, max-age=0, must-revalidate", Pragma:"no-cache", Expires:"0", X-Frame-Options:"DENY"]
     Content type = application/json
             Body = [{"id":181,"loanId":4,"installmentNumber":1,"principalAmount":6371.95,"interestAmount":4375.00,"totalAmount":10746.95,"paidAmount":null,"status":"PENDING","dueDate":"2026-03-01T15:19:57.372491","paidDate":null,"paymentMode":null,"transactionReference":null},{"id":182,"loanId":4,"installmentNumber":2,"principalAmount":6427.70,"interestAmount":4319.25,"totalAmount":10746.95,"paidAmount":null,"status":"PENDING","dueDate":"2026-04-01T15:19:57.372491","paidDate":null,"paymentMode":null,"transactionReference":null},{"id":183,"loanId":4,"installmentNumber":3,"principalAmount":6483.95,"interestAmount":4263.00,"totalAmount":10746.95,"paidAmount":null,"status":"PENDING","dueDate":"2026-05-01T15:19:57.372491","paidDate":null,"paymentMode":null,"transactionReference":null},{"id":184,"loanId":4,"installmentNumber":4,"principalAmount":6540.68,"interestAmount":4206.27,"totalAmount":10746.95,"paidAmount":null,"status":"PENDING","dueDate":"2026-06-01T15:19:57.372491","paidDate":null,"paymentMode":null,"transactionReference":null},{"id":185,"loanId":4,"installmentNumber":5,"principalAmount":6597.91,"interestAmount":4149.04,"totalAmount":10746.95,"paidAmount":null,"status":"PENDING","dueDate":"2026-07-01T15:19:57.372491","paidDate":null,"paymentMode":null,"transactionReference":null},{"id":186,"loanId":4,"installmentNumber":6,"principalAmount":6655.64,"interestAmount":4091.31,"totalAmount":10746.95,"paidAmount":null,"status":"PENDING","dueDate":"2026-08-01T15:19:57.372491","paidDate":null,"paymentMode":null,"transactionReference":null},{"id":187,"loanId":4,"installmentNumber":7,"principalAmount":6713.88,"interestAmount":4033.07,"totalAmount":10746.95,"paidAmount":null,"status":"PENDING","dueDate":"2026-09-01T15:19:57.372491","paidDate":null,"paymentMode":null,"transactionReference":null},{"id":188,"loanId":4,"installmentNumber":8,"principalAmount":6772.63,"interestAmount":3974.32,"totalAmount":10746.95,"paidAmount":null,"status":"PENDING","dueDate":"2026-10-01T15:19:57.372491","paidDate":null,"paymentMode":null,"transactionReference":null},{"id":189,"loanId":4,"installmentNumber":9,"principalAmount":6831.89,"interestAmount":3915.06,"totalAmount":10746.95,"paidAmount":null,"status":"PENDING","dueDate":"2026-11-01T15:19:57.372491","paidDate":null,"paymentMode":null,"transactionReference":null},{"id":190,"loanId":4,"installmentNumber":10,"principalAmount":6891.67,"interestAmount":3855.28,"totalAmount":10746.95,"paidAmount":null,"status":"PENDING","dueDate":"2026-12-01T15:19:57.372491","paidDate":null,"paymentMode":null,"transactionReference":null},{"id":191,"loanId":4,"installmentNumber":11,"principalAmount":6951.97,"interestAmount":3794.98,"totalAmount":10746.95,"paidAmount":null,"status":"PENDING","dueDate":"2027-01-01T15:19:57.372491","paidDate":null,"paymentMode":null,"transactionReference":null},{"id":192,"loanId":4,"installmentNumber":12,"principalAmount":7012.80,"interestAmount":3734.15,"totalAmount":10746.95,"paidAmount":null,"status":"PENDING","dueDate":"2027-02-01T15:19:57.372491","paidDate":null,"paymentMode":null,"transactionReference":null},{"id":193,"loanId":4,"installmentNumber":13,"principalAmount":7074.16,"interestAmount":3672.79,"totalAmount":10746.95,"paidAmount":null,"status":"PENDING","dueDate":"2027-03-01T15:19:57.372491","paidDate":null,"paymentMode":null,"transactionReference":null},{"id":194,"loanId":4,"installmentNumber":14,"principalAmount":7136.06,"interestAmount":3610.89,"totalAmount":10746.95,"paidAmount":null,"status":"PENDING","dueDate":"2027-04-01T15:19:57.372491","paidDate":null,"paymentMode":null,"transactionReference":null},{"id":195,"loanId":4,"installmentNumber":15,"principalAmount":7198.50,"interestAmount":3548.45,"totalAmount":10746.95,"paidAmount":null,"status":"PENDING","dueDate":"2027-05-01T15:19:57.372491","paidDate":null,"paymentMode":null,"transactionReference":null},{"id":196,"loanId":4,"installmentNumber":16,"principalAmount":7261.49,"interestAmount":3485.46,"totalAmount":10746.95,"paidAmount":null,"status":"PENDING","dueDate":"2027-06-01T15:19:57.372491","paidDate":null,"paymentMode":null,"transactionReference":null},{"id":197,"loanId":4,"installmentNumber":17,"principalAmount":7325.03,"interestAmount":3421.92,"totalAmount":10746.95,"paidAmount":null,"status":"PENDING","dueDate":"2027-07-01T15:19:57.372491","paidDate":null,"paymentMode":null,"transactionReference":null},{"id":198,"loanId":4,"installmentNumber":18,"principalAmount":7389.12,"interestAmount":3357.83,"totalAmount":10746.95,"paidAmount":null,"status":"PENDING","dueDate":"2027-08-01T15:19:57.372491","paidDate":null,"paymentMode":null,"transactionReference":null},{"id":199,"loanId":4,"installmentNumber":19,"principalAmount":7453.77,"interestAmount":3293.18,"totalAmount":10746.95,"paidAmount":null,"status":"PENDING","dueDate":"2027-09-01T15:19:57.372491","paidDate":null,"paymentMode":null,"transactionReference":null},{"id":200,"loanId":4,"installmentNumber":20,"principalAmount":7518.99,"interestAmount":3227.96,"totalAmount":10746.95,"paidAmount":null,"status":"PENDING","dueDate":"2027-10-01T15:19:57.372491","paidDate":null,"paymentMode":null,"transactionReference":null},{"id":201,"loanId":4,"installmentNumber":21,"principalAmount":7584.79,"interestAmount":3162.16,"totalAmount":10746.95,"paidAmount":null,"status":"PENDING","dueDate":"2027-11-01T15:19:57.372491","paidDate":null,"paymentMode":null,"transactionReference":null},{"id":202,"loanId":4,"installmentNumber":22,"principalAmount":7651.15,"interestAmount":3095.80,"totalAmount":10746.95,"paidAmount":null,"status":"PENDING","dueDate":"2027-12-01T15:19:57.372491","paidDate":null,"paymentMode":null,"transactionReference":null},{"id":203,"loanId":4,"installmentNumber":23,"principalAmount":7718.10,"interestAmount":3028.85,"totalAmount":10746.95,"paidAmount":null,"status":"PENDING","dueDate":"2028-01-01T15:19:57.372491","paidDate":null,"paymentMode":null,"transactionReference":null},{"id":204,"loanId":4,"installmentNumber":24,"principalAmount":7785.63,"interestAmount":2961.32,"totalAmount":10746.95,"paidAmount":null,"status":"PENDING","dueDate":"2028-02-01T15:19:57.372491","paidDate":null,"paymentMode":null,"transactionReference":null},{"id":205,"loanId":4,"installmentNumber":25,"principalAmount":7853.76,"interestAmount":2893.19,"totalAmount":10746.95,"paidAmount":null,"status":"PENDING","dueDate":"2028-03-01T15:19:57.372491","paidDate":null,"paymentMode":null,"transactionReference":null},{"id":206,"loanId":4,"installmentNumber":26,"principalAmount":7922.48,"interestAmount":2824.47,"totalAmount":10746.95,"paidAmount":null,"status":"PENDING","dueDate":"2028-04-01T15:19:57.372491","paidDate":null,"paymentMode":null,"transactionReference":null},{"id":207,"loanId":4,"installmentNumber":27,"principalAmount":7991.80,"interestAmount":2755.15,"totalAmount":10746.95,"paidAmount":null,"status":"PENDING","dueDate":"2028-05-01T15:19:57.372491","paidDate":null,"paymentMode":null,"transactionReference":null},{"id":208,"loanId":4,"installmentNumber":28,"principalAmount":8061.73,"interestAmount":2685.22,"totalAmount":10746.95,"paidAmount":null,"status":"PENDING","dueDate":"2028-06-01T15:19:57.372491","paidDate":null,"paymentMode":null,"transactionReference":null},{"id":209,"loanId":4,"installmentNumber":29,"principalAmount":8132.27,"interestAmount":2614.68,"totalAmount":10746.95,"paidAmount":null,"status":"PENDING","dueDate":"2028-07-01T15:19:57.372491","paidDate":null,"paymentMode":null,"transactionReference":null},{"id":210,"loanId":4,"installmentNumber":30,"principalAmount":8203.43,"interestAmount":2543.52,"totalAmount":10746.95,"paidAmount":null,"status":"PENDING","dueDate":"2028-08-01T15:19:57.372491","paidDate":null,"paymentMode":null,"transactionReference":null},{"id":211,"loanId":4,"installmentNumber":31,"principalAmount":8275.21,"interestAmount":2471.74,"totalAmount":10746.95,"paidAmount":null,"status":"PENDING","dueDate":"2028-09-01T15:19:57.372491","paidDate":null,"paymentMode":null,"transactionReference":null},{"id":212,"loanId":4,"installmentNumber":32,"principalAmount":8347.61,"interestAmount":2399.34,"totalAmount":10746.95,"paidAmount":null,"status":"PENDING","dueDate":"2028-10-01T15:19:57.372491","paidDate":null,"paymentMode":null,"transactionReference":null},{"id":213,"loanId":4,"installmentNumber":33,"principalAmount":8420.66,"interestAmount":2326.29,"totalAmount":10746.95,"paidAmount":null,"status":"PENDING","dueDate":"2028-11-01T15:19:57.372491","paidDate":null,"paymentMode":null,"transactionReference":null},{"id":214,"loanId":4,"installmentNumber":34,"principalAmount":8494.34,"interestAmount":2252.61,"totalAmount":10746.95,"paidAmount":null,"status":"PENDING","dueDate":"2028-12-01T15:19:57.372491","paidDate":null,"paymentMode":null,"transactionReference":null},{"id":215,"loanId":4,"installmentNumber":35,"principalAmount":8568.66,"interestAmount":2178.29,"totalAmount":10746.95,"paidAmount":null,"status":"PENDING","dueDate":"2029-01-01T15:19:57.372491","paidDate":null,"paymentMode":null,"transactionReference":null},{"id":216,"loanId":4,"installmentNumber":36,"principalAmount":8643.64,"interestAmount":2103.31,"totalAmount":10746.95,"paidAmount":null,"status":"PENDING","dueDate":"2029-02-01T15:19:57.372491","paidDate":null,"paymentMode":null,"transactionReference":null},{"id":217,"loanId":4,"installmentNumber":37,"principalAmount":8719.27,"interestAmount":2027.68,"totalAmount":10746.95,"paidAmount":null,"status":"PENDING","dueDate":"2029-03-01T15:19:57.372491","paidDate":null,"paymentMode":null,"transactionReference":null},{"id":218,"loanId":4,"installmentNumber":38,"principalAmount":8795.56,"interestAmount":1951.39,"totalAmount":10746.95,"paidAmount":null,"status":"PENDING","dueDate":"2029-04-01T15:19:57.372491","paidDate":null,"paymentMode":null,"transactionReference":null},{"id":219,"loanId":4,"installmentNumber":39,"principalAmount":8872.52,"interestAmount":1874.43,"totalAmount":10746.95,"paidAmount":null,"status":"PENDING","dueDate":"2029-05-01T15:19:57.372491","paidDate":null,"paymentMode":null,"transactionReference":null},{"id":220,"loanId":4,"installmentNumber":40,"principalAmount":8950.16,"interestAmount":1796.79,"totalAmount":10746.95,"paidAmount":null,"status":"PENDING","dueDate":"2029-06-01T15:19:57.372491","paidDate":null,"paymentMode":null,"transactionReference":null},{"id":221,"loanId":4,"installmentNumber":41,"principalAmount":9028.47,"interestAmount":1718.48,"totalAmount":10746.95,"paidAmount":null,"status":"PENDING","dueDate":"2029-07-01T15:19:57.372491","paidDate":null,"paymentMode":null,"transactionReference":null},{"id":222,"loanId":4,"installmentNumber":42,"principalAmount":9107.47,"interestAmount":1639.48,"totalAmount":10746.95,"paidAmount":null,"status":"PENDING","dueDate":"2029-08-01T15:19:57.372491","paidDate":null,"paymentMode":null,"transactionReference":null},{"id":223,"loanId":4,"installmentNumber":43,"principalAmount":9187.16,"interestAmount":1559.79,"totalAmount":10746.95,"paidAmount":null,"status":"PENDING","dueDate":"2029-09-01T15:19:57.372491","paidDate":null,"paymentMode":null,"transactionReference":null},{"id":224,"loanId":4,"installmentNumber":44,"principalAmount":9267.55,"interestAmount":1479.40,"totalAmount":10746.95,"paidAmount":null,"status":"PENDING","dueDate":"2029-10-01T15:19:57.372491","paidDate":null,"paymentMode":null,"transactionReference":null},{"id":225,"loanId":4,"installmentNumber":45,"principalAmount":9348.64,"interestAmount":1398.31,"totalAmount":10746.95,"paidAmount":null,"status":"PENDING","dueDate":"2029-11-01T15:19:57.372491","paidDate":null,"paymentMode":null,"transactionReference":null},{"id":226,"loanId":4,"installmentNumber":46,"principalAmount":9430.44,"interestAmount":1316.51,"totalAmount":10746.95,"paidAmount":null,"status":"PENDING","dueDate":"2029-12-01T15:19:57.372491","paidDate":null,"paymentMode":null,"transactionReference":null},{"id":227,"loanId":4,"installmentNumber":47,"principalAmount":9512.96,"interestAmount":1233.99,"totalAmount":10746.95,"paidAmount":null,"status":"PENDING","dueDate":"2030-01-01T15:19:57.372491","paidDate":null,"paymentMode":null,"transactionReference":null},{"id":228,"loanId":4,"installmentNumber":48,"principalAmount":9596.20,"interestAmount":1150.75,"totalAmount":10746.95,"paidAmount":null,"status":"PENDING","dueDate":"2030-02-01T15:19:57.372491","paidDate":null,"paymentMode":null,"transactionReference":null},{"id":229,"loanId":4,"installmentNumber":49,"principalAmount":9680.16,"interestAmount":1066.79,"totalAmount":10746.95,"paidAmount":null,"status":"PENDING","dueDate":"2030-03-01T15:19:57.372491","paidDate":null,"paymentMode":null,"transactionReference":null},{"id":230,"loanId":4,"installmentNumber":50,"principalAmount":9764.86,"interestAmount":982.09,"totalAmount":10746.95,"paidAmount":null,"status":"PENDING","dueDate":"2030-04-01T15:19:57.372491","paidDate":null,"paymentMode":null,"transactionReference":null},{"id":231,"loanId":4,"installmentNumber":51,"principalAmount":9850.31,"interestAmount":896.64,"totalAmount":10746.95,"paidAmount":null,"status":"PENDING","dueDate":"2030-05-01T15:19:57.372491","paidDate":null,"paymentMode":null,"transactionReference":null},{"id":232,"loanId":4,"installmentNumber":52,"principalAmount":9936.50,"interestAmount":810.45,"totalAmount":10746.95,"paidAmount":null,"status":"PENDING","dueDate":"2030-06-01T15:19:57.372491","paidDate":null,"paymentMode":null,"transactionReference":null},{"id":233,"loanId":4,"installmentNumber":53,"principalAmount":10023.44,"interestAmount":723.51,"totalAmount":10746.95,"paidAmount":null,"status":"PENDING","dueDate":"2030-07-01T15:19:57.372491","paidDate":null,"paymentMode":null,"transactionReference":null},{"id":234,"loanId":4,"installmentNumber":54,"principalAmount":10111.15,"interestAmount":635.80,"totalAmount":10746.95,"paidAmount":null,"status":"PENDING","dueDate":"2030-08-01T15:19:57.372491","paidDate":null,"paymentMode":null,"transactionReference":null},{"id":235,"loanId":4,"installmentNumber":55,"principalAmount":10199.62,"interestAmount":547.33,"totalAmount":10746.95,"paidAmount":null,"status":"PENDING","dueDate":"2030-09-01T15:19:57.372491","paidDate":null,"paymentMode":null,"transactionReference":null},{"id":236,"loanId":4,"installmentNumber":56,"principalAmount":10288.87,"interestAmount":458.08,"totalAmount":10746.95,"paidAmount":null,"status":"PENDING","dueDate":"2030-10-01T15:19:57.372491","paidDate":null,"paymentMode":null,"transactionReference":null},{"id":237,"loanId":4,"installmentNumber":57,"principalAmount":10378.89,"interestAmount":368.06,"totalAmount":10746.95,"paidAmount":null,"status":"PENDING","dueDate":"2030-11-01T15:19:57.372491","paidDate":null,"paymentMode":null,"transactionReference":null},{"id":238,"loanId":4,"installmentNumber":58,"principalAmount":10469.71,"interestAmount":277.24,"totalAmount":10746.95,"paidAmount":null,"status":"PENDING","dueDate":"2030-12-01T15:19:57.372491","paidDate":null,"paymentMode":null,"transactionReference":null},{"id":239,"loanId":4,"installmentNumber":59,"principalAmount":10561.32,"interestAmount":185.63,"totalAmount":10746.95,"paidAmount":null,"status":"PENDING","dueDate":"2031-01-01T15:19:57.372491","paidDate":null,"paymentMode":null,"transactionReference":null},{"id":240,"loanId":4,"installmentNumber":60,"principalAmount":10653.72,"interestAmount":93.22,"totalAmount":10746.95,"paidAmount":null,"status":"PENDING","dueDate":"2031-02-01T15:19:57.372491","paidDate":null,"paymentMode":null,"transactionReference":null}]
    Forwarded URL = null
   Redirected URL = null
          Cookies = []
]]></system-out>
  </testcase>
</testsuite>