<?xml version="1.0" encoding="UTF-8"?>
<testsuite xmlns:xsi="http://www.w3.org/2001/XMLSchema-instance" xsi:noNamespaceSchemaLocation="https://maven.apache.org/surefire/maven-surefire-plugin/xsd/surefire-test-report-3.0.xsd" version="3.0" name="com.consumerfinance.service.PersonalLoanServiceTest" time="0.41" tests="6" errors="0" skipped="0" failures="0">
  <properties>
[...]
</properties>
  <testcase name="testCreateLoanSuccessfully" classname="com.consumerfinance.service.PersonalLoanServiceTest" time="0.378">
    <system-out><![CDATA[2026-02-25 15:19:58.143 [main] INFO  c.c.service.PersonalLoanService - Creating new personal loan for customer: CUST123456, amount: 500000
2026-02-25 15:19:58.150 [main] INFO  c.c.service.PersonalLoanService - Personal loan created with ID: 1
2026-02-25 15:19:58.150 [main] INFO  c.c.service.PersonalLoanService - Generating repayment schedule for loan ID: 1
2026-02-25 15:19:58.155 [main] INFO  c.c.service.PersonalLoanService - Repayment schedule generated with 60 installments
]]></system-out>
  </testcase>
  <testcase name="testGetLoanById" classname="com.consumerfinance.service.PersonalLoanServiceTest" time="0.004">
    <system-out><![CDATA[2026-02-25 15:19:58.171 [main] INFO  c.c.service.PersonalLoanService - Retrieving loan with ID: 1
]]></system-out>
  </testcase>
  <testcase name="testGetLoanNotFound" classname="com.consumerfinance.service.PersonalLoanServiceTest" time="0.007">
    <system-out><![CDATA[2026-02-25 15:19:58.178 [main] INFO  c.c.service.PersonalLoanService - Retrieving loan with ID: 999
2026-02-25 15:19:58.178 [main] ERROR c.c.service.PersonalLoanService - Loan not found with ID: 999
]]></system-out>
  </testcase>
  <testcase name="testCloseLoanSuccessfully" classname="com.consumerfinance.service.PersonalLoanServiceTest" time="0.005">
    <system-out><![CDATA[2026-02-25 15:19:58.185 [main] INFO  c.c.service.PersonalLoanService - Closing loan with ID: 1
2026-02-25 15:19:58.185 [main] INFO  c.c.service.PersonalLoanService - Loan with ID: 1 has been closed
]]></system-out>
  </testcase>
  <testcase name="testCloseLoanWithOutstandingBalance" classname="com.consumerfinance.service.PersonalLoanServiceTest" time="0.005">
    <system-out><![CDATA[2026-02-25 15:19:58.189 [main] INFO  c.c.service.PersonalLoanService - Closing loan with ID: 1
]]></system-out>
  </testcase>
  <testcase name="testCloseLoanWithInactiveStatus" classname="com.consumerfinance.service.PersonalLoanServiceTest" time="0.002">
    <system-out><![CDATA[2026-02-25 15:19:58.195 [main] INFO  c.c.service.PersonalLoanService - Closing loan with ID: 1
]]></system-out>
  </testcase>
</testsuite>